Log file open, 05/16/17 13:16:07
LogInit:Display: Running engine for game: Tank666
LogPlatformFile: Not using cached read wrapper
LogInit:Display: RandInit(-1168891748) SRandInit(-1168891748).
LogTaskGraph: Started task graph with 5 named threads and 8 total threads with 1 sets of task threads.
LogStats: Stats thread started at 0.076146
LogInit: Using libcurl 7.47.1
LogInit:  - built for x86_64-pc-win32
LogInit:  - supports SSL with OpenSSL/1.0.2g
LogInit:  - supports HTTP deflate (compression) using libz 1.2.8
LogInit:  - other features:
LogInit:      CURL_VERSION_SSL
LogInit:      CURL_VERSION_LIBZ
LogInit:      CURL_VERSION_IPV6
LogInit:      CURL_VERSION_ASYNCHDNS
LogInit:      CURL_VERSION_LARGEFILE
LogInit:      CURL_VERSION_IDN
LogInit:  CurlRequestOptions (configurable via config and command line):
LogInit:  - bVerifyPeer = false  - Libcurl will NOT verify peer certificate
LogInit:  - bUseHttpProxy = false  - Libcurl will NOT use HTTP proxy
LogInit:  - bDontReuseConnections = false  - Libcurl will reuse connections
LogInit:  - CertBundlePath = nullptr  - Libcurl will use whatever was configured at build time.
LogInit: Build: ++UE4+Release-4.15-CL-3299760
LogInit: Engine Version: 4.15.0-3299760+++UE4+Release-4.15
LogInit: Compatible Engine Version: 4.15.0-3299760+++UE4+Release-4.15
LogInit: Net CL: 3299760
LogDevObjectVersion: Number of dev versions registered: 14
LogDevObjectVersion:   Dev-Blueprints (B0D832E4-1F89-4F0D-ACCF-7EB736FD4AA2): 8
LogDevObjectVersion:   Dev-Build (E1C64328-A22C-4D53-A36C-8E866417BD8C): 0
LogDevObjectVersion:   Dev-Core (375EC13C-06E4-48FB-B500-84F0262A717E): 2
LogDevObjectVersion:   Dev-Editor (E4B068ED-F494-42E9-A231-DA0B2E46BB41): 14
LogDevObjectVersion:   Dev-Framework (CFFC743F-43B0-4480-9391-14DF171D2073): 22
LogDevObjectVersion:   Dev-Mobile (B02B49B5-BB20-44E9-A304-32B752E40360): 0
LogDevObjectVersion:   Dev-Networking (A4E4105C-59A1-49B5-A7C5-40C4547EDFEE): 0
LogDevObjectVersion:   Dev-Online (39C831C9-5AE6-47DC-9A44-9C173E1C8E7C): 0
LogDevObjectVersion:   Dev-Physics (78F01B33-EBEA-4F98-B9B4-84EACCB95AA2): 0
LogDevObjectVersion:   Dev-Platform (6631380F-2D4D-43E0-8009-CF276956A95A): 0
LogDevObjectVersion:   Dev-Rendering (12F88B9F-8875-4AFC-A67C-D90C383ABD29): 12
LogDevObjectVersion:   Dev-Sequencer (7B5AE74C-D270-4C10-A958-57980B212A5A): 3
LogDevObjectVersion:   Dev-VR (D7296918-1DD6-4BDD-9DE2-64A83CC13884): 0
LogDevObjectVersion:   Dev-LoadTimes (C2A15278-BFE7-4AFE-6C17-90FF531DF755): 1
LogInit: Compiled (64-bit): Feb 14 2017 02:04:14
LogInit: Compiled with Visual C++: 19.00.23026.00
LogInit: Build Configuration: Development
LogInit: Branch Name: ++UE4+Release-4.15
LogInit: Command line:  
LogInit: Base directory: E:/UE4/UE_4.15/Engine/Binaries/Win64/
LogInit: Installed Engine Build: 1
LogInit: Presizing for max 8388607 objects, including 0 objects not considered by GC, pre-allocating 0 bytes for permanent pool.
LogInit: Object subsystem initialized
[2017.05.16-16.16.08:189][  0]LogInit: Selected Device Profile: [Windows]
[2017.05.16-16.16.08:189][  0]LogInit: Applying CVar settings loaded from the selected device profile: [Windows]
[2017.05.16-16.16.08:197][  0]LogInit: Computer: DESKTOP-OP41PN8
[2017.05.16-16.16.08:197][  0]LogInit: User: cluss
[2017.05.16-16.16.08:197][  0]LogInit: CPU Page size=65536, Cores=4
[2017.05.16-16.16.08:197][  0]LogInit: High frequency timer resolution =2.338348 MHz
[2017.05.16-16.16.08:197][  0]LogMemory: Memory total: Physical=15.9GB (16GB approx)
[2017.05.16-16.16.08:197][  0]LogMemory: Platform Memory Stats for Windows
[2017.05.16-16.16.08:197][  0]LogMemory: Process Physical Memory: 262.18 MB used, 262.18 MB peak
[2017.05.16-16.16.08:197][  0]LogMemory: Process Virtual Memory: 262.54 MB used, 262.54 MB peak
[2017.05.16-16.16.08:197][  0]LogMemory: Physical Memory: 5442.54 MB used,  10859.01 MB free, 16301.55 MB total
[2017.05.16-16.16.08:197][  0]LogMemory: Virtual Memory: 644.91 MB used,  10859.01 MB free, 134217728.00 MB total
[2017.05.16-16.16.08:258][  0]LogTextLocalizationManager: No specific translations for ('en-GB') exist, so ('en') translations will be used.
[2017.05.16-16.16.08:845][  0]LogD3D11RHI: D3D11 adapters:
[2017.05.16-16.16.08:872][  0]LogD3D11RHI:    0. 'NVIDIA GeForce GTX 770M' (Feature Level 11_0)
[2017.05.16-16.16.08:872][  0]LogD3D11RHI:       3007/0/8150 MB DedicatedVideo/DedicatedSystem/SharedSystem, Outputs:2, VendorId:0x10de
[2017.05.16-16.16.08:874][  0]LogD3D11RHI:    1. 'Microsoft Basic Render Driver' (Feature Level 11_0)
[2017.05.16-16.16.08:874][  0]LogD3D11RHI:       0/0/8150 MB DedicatedVideo/DedicatedSystem/SharedSystem, Outputs:0, VendorId:0x1414
[2017.05.16-16.16.08:874][  0]LogD3D11RHI: Chosen D3D11 Adapter: 0
[2017.05.16-16.16.08:878][  0]LogD3D11RHI: Creating new Direct3DDevice
[2017.05.16-16.16.08:878][  0]LogD3D11RHI:     GPU DeviceId: 0x11e0 (for the marketing name, search the web for "GPU Device Id")
[2017.05.16-16.16.08:878][  0]LogWindows: EnumDisplayDevices:
[2017.05.16-16.16.08:878][  0]LogWindows:    0. 'NVIDIA GeForce GTX 770M' (P:1 D:1)
[2017.05.16-16.16.08:878][  0]LogWindows:    1. 'NVIDIA GeForce GTX 770M' (P:0 D:1)
[2017.05.16-16.16.08:878][  0]LogWindows:    2. 'NVIDIA GeForce GTX 770M' (P:0 D:0)
[2017.05.16-16.16.08:878][  0]LogWindows:    3. 'NVIDIA GeForce GTX 770M' (P:0 D:0)
[2017.05.16-16.16.08:878][  0]LogWindows: DebugString: FoundDriverCount:4 
[2017.05.16-16.16.08:878][  0]LogD3D11RHI:     Adapter Name: NVIDIA GeForce GTX 770M
[2017.05.16-16.16.08:878][  0]LogD3D11RHI:   Driver Version: 364.72 (internal:10.18.13.6472, unified:364.72)
[2017.05.16-16.16.08:878][  0]LogD3D11RHI:      Driver Date: 3-21-2016
[2017.05.16-16.16.08:878][  0]LogRHI: Texture pool is 1361 MB (70% of 1945 MB)
[2017.05.16-16.16.08:890][  0]LogD3D11RHI:Warning: Timestamp queries are currently disabled on this hardware due to instability. Realtime GPU stats will not be available. You can override this behaviour by setting r.NVIDIATimestampWorkaround to 0
[2017.05.16-16.16.08:891][  0]LogD3D11RHI: NvAPI_D3D_GetCurrentSLIState failed: 0xfffffff7
[2017.05.16-16.16.08:891][  0]LogD3D11RHI: Async texture creation enabled
[2017.05.16-16.16.08:907][  0]LogD3D11RHI: GPU Timing Frequency: 1000.000000 (Debug: 2 2)
[2017.05.16-16.16.09:002][  0]LogShaderCompilers: Guid format shader working directory is 21 characters bigger than the processId version (../../../../Tank666 4.15/Intermediate/Shaders/WorkingDirectory/12808/).
[2017.05.16-16.16.09:003][  0]LogShaderCompilers: Cleaned the shader compiler working directory 'C:/Users/Chris/AppData/Local/Temp/UnrealShaderWorkingDir/C109667045047EE750D1D3B86479F324/'.
[2017.05.16-16.16.09:003][  0]LogShaderCompilers:Display: Using Local Shader Compiler.
[2017.05.16-16.16.10:003][  0]LogTemp:Display: Loaded TP AllDesktopTargetPlatform
[2017.05.16-16.16.10:044][  0]LogTemp:Display: Loaded TP MacClientTargetPlatform
[2017.05.16-16.16.10:085][  0]LogTemp:Display: Loaded TP MacNoEditorTargetPlatform
[2017.05.16-16.16.10:126][  0]LogTemp:Display: Loaded TP MacServerTargetPlatform
[2017.05.16-16.16.10:167][  0]LogTemp:Display: Loaded TP MacTargetPlatform
[2017.05.16-16.16.10:209][  0]LogTemp:Display: Loaded TP WindowsClientTargetPlatform
[2017.05.16-16.16.10:250][  0]LogTemp:Display: Loaded TP WindowsNoEditorTargetPlatform
[2017.05.16-16.16.10:292][  0]LogTemp:Display: Loaded TP WindowsServerTargetPlatform
[2017.05.16-16.16.10:323][  0]LogTemp:Display: Loaded TP WindowsTargetPlatform
[2017.05.16-16.16.10:363][  0]LogTemp:Display: Loaded TP AndroidTargetPlatform
[2017.05.16-16.16.10:403][  0]LogTemp:Display: Loaded TP Android_ASTCTargetPlatform
[2017.05.16-16.16.10:445][  0]LogTemp:Display: Loaded TP Android_ATCTargetPlatform
[2017.05.16-16.16.10:485][  0]LogTemp:Display: Loaded TP Android_DXTTargetPlatform
[2017.05.16-16.16.10:526][  0]LogTemp:Display: Loaded TP Android_ETC1TargetPlatform
[2017.05.16-16.16.10:567][  0]LogTemp:Display: Loaded TP Android_ETC2TargetPlatform
[2017.05.16-16.16.10:650][  0]LogTemp:Display: Loaded TP Android_MultiTargetPlatform
[2017.05.16-16.16.10:650][  0]LogTemp:Display: Loaded TP Android_PVRTCTargetPlatform
[2017.05.16-16.16.10:675][  0]LogTemp:Display: Loaded TP HTML5TargetPlatform
[2017.05.16-16.16.10:750][  0]LogTemp:Display: Loaded TP IOSTargetPlatform
[2017.05.16-16.16.10:777][  0]LogTemp:Display: Loaded TP TVOSTargetPlatform
[2017.05.16-16.16.10:817][  0]LogTemp:Display: Loaded TP LinuxClientTargetPlatform
[2017.05.16-16.16.10:857][  0]LogTemp:Display: Loaded TP LinuxNoEditorTargetPlatform
[2017.05.16-16.16.10:897][  0]LogTemp:Display: Loaded TP LinuxServerTargetPlatform
[2017.05.16-16.16.10:938][  0]LogTemp:Display: Loaded TP LinuxTargetPlatform
[2017.05.16-16.16.10:938][  0]LogTargetPlatformManager:Display: Building Assets For Windows
[2017.05.16-16.16.11:214][  0]LogDerivedDataCache:Display: Max Cache Size: 512 MB
[2017.05.16-16.16.11:262][  0]LogDerivedDataCache: Loaded boot cache 0.05s 50MB C:/Users/Chris/AppData/Local/UnrealEngine/4.15/DerivedDataCache/Boot.ddc.
[2017.05.16-16.16.11:262][  0]LogDerivedDataCache:Display: Loaded Boot cache: C:/Users/Chris/AppData/Local/UnrealEngine/4.15/DerivedDataCache/Boot.ddc
[2017.05.16-16.16.11:262][  0]LogDerivedDataCache: FDerivedDataBackendGraph:  Pak pak cache file ../../../../Tank666 4.15/DerivedDataCache/DDC.ddp not found, will not use a pak cache.
[2017.05.16-16.16.11:262][  0]LogDerivedDataCache: Unable to find inner node Pak for hierarchical cache Hierarchy.
[2017.05.16-16.16.11:262][  0]LogDerivedDataCache: FDerivedDataBackendGraph:  CompressedPak pak cache file ../../../../Tank666 4.15/DerivedDataCache/Compressed.ddp not found, will not use a pak cache.
[2017.05.16-16.16.11:262][  0]LogDerivedDataCache: Unable to find inner node CompressedPak for hierarchical cache Hierarchy.
[2017.05.16-16.16.11:282][  0]LogDerivedDataCache:Display: Pak cache opened for reading ../../../Engine/DerivedDataCache/Compressed.ddp.
[2017.05.16-16.16.11:294][  0]LogDerivedDataCache: Using Local data cache path C:/Users/Chris/AppData/Local/UnrealEngine/Common/DerivedDataCache: Writable
[2017.05.16-16.16.11:303][  0]LogSlate: Using Freetype 2.6.0
[2017.05.16-16.16.11:304][  0]LogSlate: SlateFontCache - WITH_FREETYPE: 1, WITH_HARFBUZZ: 1
[2017.05.16-16.16.11:304][  0]LogSlate: SlateFontCache - WITH_FREETYPE: 1, WITH_HARFBUZZ: 1
[2017.05.16-16.16.11:537][  0]LogInit: Selected Device Profile: [Windows]
[2017.05.16-16.16.11:539][  0]LogContentStreaming: Texture pool size is 0.00 MB
[2017.05.16-16.16.11:703][  0]LogMeshUtilities: Using QuadricMeshReduction for automatic static mesh reduction
[2017.05.16-16.16.11:732][  0]LogSimplygon: Simplygon DLL not present - disabling.
[2017.05.16-16.16.11:762][  0]LogMeshUtilities: Using SimplygonSwarm for distributed automatic mesh merging
[2017.05.16-16.16.11:762][  0]LogMeshUtilities: No automatic skeletal mesh reduction module available
[2017.05.16-16.16.11:762][  0]LogMeshUtilities: No automatic mesh merging module available
[2017.05.16-16.16.12:214][  0]LogNetVersion: GetLocalNetworkVersion: CL: 3299760, ProjectName: tank666, ProjectVersion: , EngineNetworkVersion: 2, GameNetworkVersion: 0, NetworkChecksum: 1439639440
[2017.05.16-16.16.12:252][  0]LogAssetRegistry: FAssetRegistry took 0.0215 seconds to start up
[2017.05.16-16.16.12:291][  0]LogPackageLocalizationCache: Processed 3 localized package path(s) for 2 prioritized culture(s) in 0.024785 seconds
[2017.05.16-16.16.12:297][  0]LogUObjectArray: 32472 objects as part of root set at end of initial load.
[2017.05.16-16.16.12:297][  0]LogUObjectAllocator: 7072608 out of 0 bytes used by permanent object pool.
[2017.05.16-16.16.12:297][  0]LogUObjectArray: CloseDisregardForGC: 0/0 objects in disregard for GC pool
[2017.05.16-16.16.12:334][  0]LogInit: WinSock: version 1.1 (2.2), MaxSocks=32767, MaxUdp=65467
[2017.05.16-16.16.13:573][  0]LogTcpMessaging: Initializing TcpMessaging bridge
[2017.05.16-16.16.13:602][  0]LogUdpMessaging: Initializing bridge on interface 0.0.0.0:0 to multicast group 230.0.0.1:6666.
[2017.05.16-16.16.13:935][  0]LogMaterial: Uniform references updated for custom material expression Custom.
[2017.05.16-16.16.14:197][  0]SourceControl: Info Source control is disabled
[2017.05.16-16.16.15:075][  0]LogEngine: Initializing Engine...
[2017.05.16-16.16.15:075][  0]LogHMD: Failed to initialize OpenVR with code 110
[2017.05.16-16.16.15:260][  0]LogAIModule: Creating AISystem for world Untitled
[2017.05.16-16.16.15:268][  0]LogInit: XAudio2 using 'Speakers (Realtek High Definition Audio)' : 2 channels at 48 kHz using 32 bits per sample (channel mask 0x3)
[2017.05.16-16.16.15:387][  0]LogInit: FAudioDevice initialized.
[2017.05.16-16.16.15:415][  0]LogDerivedDataCache: Saved boot cache 0.03s 50MB C:/Users/Chris/AppData/Local/UnrealEngine/4.15/DerivedDataCache/Boot.ddc.
[2017.05.16-16.16.15:418][  0]LogInit: Texture streaming: Enabled
[2017.05.16-16.16.15:478][  0]LogEngineSessionManager: EngineSessionManager initialized
[2017.05.16-16.16.15:540][  0]LogInit: Transaction tracking system initialized
[2017.05.16-16.16.15:768][  0]BlueprintLog: New page: Editor Load
[2017.05.16-16.16.16:343][  0]LocalizationService: Info Localization service is disabled
[2017.05.16-16.16.16:844][  0]LogConsoleResponse:Display: 
[2017.05.16-16.16.16:958][  0]LogCook:Display: Max memory allowance for cook 16384mb min free memory 0mb
[2017.05.16-16.16.16:958][  0]LogCook:Display: Mobile HDR setting 1
[2017.05.16-16.16.17:645][  0]LogFileCache: Scanning file cache for directory 'E:/UE4/Tank666 4.15/Content/' took 0.01s
[2017.05.16-16.16.17:645][  0]Cmd: MAP LOAD FILE="../../../../Tank666 4.15/Content/Level00.umap" TEMPLATE=0 SHOWPROGRESS=1 FEATURELEVEL=3
[2017.05.16-16.16.17:645][  0]LightingResults: New page: Lighting Build
[2017.05.16-16.16.17:673][  0]MapCheck: New page: Map Check
[2017.05.16-16.16.17:673][  0]LightingResults: New page: Lighting Build
[2017.05.16-16.16.18:147][  0]LogClass:Warning: Enum '/Game/AI_Character/AI_StateENUM.AI_StateENUM' was upgraded to use FText to store its display name data. Please re-save this asset to avoid issues with localization and determinstic cooking.
[2017.05.16-16.16.18:162][  0]LogAIModule: Creating AISystem for world Level00
[2017.05.16-16.16.18:245][  0]PIE:Warning: Warning AttachTo: '/Game/Level00.Level00:PersistentLevel.AI_Character_C_6.CharacterMesh0' is not static  (in blueprint "AI_Character"), cannot attach '/Game/Level00.Level00:PersistentLevel.AI_Character_C_6.Body' which is static to it. Aborting.
[2017.05.16-16.16.18:246][  0]LogEditorServer: Finished looking for orphan Actors (0.000 secs)
[2017.05.16-16.16.18:249][  0]Cmd: MAP CHECKDEP NOCLEARLOG
[2017.05.16-16.16.18:282][  0]MapCheck: Info Map check complete: 0 Error(s), 0 Warning(s), took 33.198ms to complete.
[2017.05.16-16.16.18:282][  0]LogFileHelpers: Loading map 'Level00' took 0.637
[2017.05.16-16.16.18:341][  0]LogWindowsTextInputMethodSystem:Display: IME system now deactivated.
[2017.05.16-16.16.18:573][  0]LogCollectionManager: Loaded 0 collections in 0.001028 seconds
[2017.05.16-16.16.18:639][  0]LogFileCache: Scanning file cache for directory 'E:/UE4/Tank666 4.15/Saved/Collections/' took 0.01s
[2017.05.16-16.16.18:639][  0]LogFileCache: Scanning file cache for directory 'E:/UE4/Tank666 4.15/Content/Developers/cluss/Collections/' took 0.01s
[2017.05.16-16.16.18:639][  0]LogFileCache: Scanning file cache for directory 'E:/UE4/Tank666 4.15/Content/Collections/' took 0.01s
[2017.05.16-16.16.18:639][  0]LogCollectionManager: Rebuilt the GUID cache for 0 collections in 0.000002 seconds
[2017.05.16-16.16.18:649][  0]LogContentBrowser: Native class hierarchy populated in 0.0092 seconds. Added 2245 classes and 452 folders.
[2017.05.16-16.16.18:652][  0]LogStats: UGameplayTagsManager::ConstructGameplayTagTree: Construct from data asset -  0.000 s
[2017.05.16-16.16.18:652][  0]LogStats: UGameplayTagsManager::ConstructGameplayTagTree: GameplayTagTreeChangedEvent.Broadcast -  0.000 s
[2017.05.16-16.16.18:693][  0]LogContentBrowser: Native class hierarchy updated for 'WidgetCarousel' in 0.0005 seconds. Added 0 classes and 0 folders.
[2017.05.16-16.16.18:730][  0]LogContentBrowser: Native class hierarchy updated for 'AddContentDialog' in 0.0005 seconds. Added 0 classes and 0 folders.
[2017.05.16-16.16.18:747][  0]LogCrashTracker: Crashtracker disabled due to settings.
[2017.05.16-16.16.18:753][  0]LogUObjectGlobals:Warning: Failed to find object 'Class None.'
[2017.05.16-16.16.18:805][  0]LogContentBrowser: Native class hierarchy updated for 'HierarchicalLODOutliner' in 0.0006 seconds. Added 1 classes and 2 folders.
[2017.05.16-16.16.18:805][  0]LogLoad: (Engine Initialization) Total time: 12.20 seconds
[2017.05.16-16.16.18:805][  0]LogLoad: (Engine Initialization) Total Blueprint compile time: 0.19 seconds
[2017.05.16-16.16.18:805][  0]LogExternalProfiler: Found external profiler: VSPerf
[2017.05.16-16.16.18:805][  0]LogExternalProfiler: Using external profiler: VSPerf
[2017.05.16-16.16.18:814][  0]LogOcInput: OculusInput pre-init called
[2017.05.16-16.16.18:835][  0]LogContentStreaming: Texture pool size now 1000 MB
[2017.05.16-16.16.18:836][  0]LogSlate: Took 0.000229 seconds to synchronously load lazily loaded font '../../../Engine/Content/Slate/Fonts/Roboto-Regular.ttf' (155K)
[2017.05.16-16.16.18:841][  0]LogSlate: Took 0.000215 seconds to synchronously load lazily loaded font '../../../Engine/Content/Slate/Fonts/Roboto-Bold.ttf' (160K)
[2017.05.16-16.16.18:845][  0]LogSlate: Took 0.000259 seconds to synchronously load lazily loaded font '../../../Engine/Content/Editor/Slate/Fonts/FontAwesome.ttf' (139K)
[2017.05.16-16.16.18:950][  0]LogSlate: Took 0.000193 seconds to synchronously load lazily loaded font '../../../Engine/Content/Slate/Fonts/Roboto-Light.ttf' (159K)
[2017.05.16-16.16.18:994][  0]LogRenderer: Reallocating scene render targets to support 1508x720 NumSamples 1 (Frame:2).
[2017.05.16-16.16.19:085][  1]LogAssetRegistry: Asset discovery search completed in 6.8543 seconds
[2017.05.16-16.16.19:085][  1]LogCollectionManager: Rebuilt the object cache for 0 collections in 0.000005 seconds (found 0 objects)
[2017.05.16-16.16.19:085][  1]LogCollectionManager: Fixed up redirectors for 0 collections in 0.000018 seconds (updated 0 objects)
[2017.05.16-16.17.03:615][458]SourceControl:Error: Error Failed to enable Git source control. You need to initialize the project as a Git repository first.
[2017.05.16-16.17.09:863][  7]SourceControl:Error: Error Failed to enable Git source control. You need to initialize the project as a Git repository first.
[2017.05.16-16.21.30:073][746]SourceControl:Error: Error Failed to enable Git source control. You need to initialize the project as a Git repository first.
[2017.05.16-16.26.59:366][ 10]SourceControl: Info On branch master
[2017.05.16-16.26.59:366][ 10]SourceControl: Info Your branch is based on 'origin/master', but the upstream is gone.
[2017.05.16-16.26.59:366][ 10]SourceControl: Info   (use "git branch --unset-upstream" to fixup)
[2017.05.16-16.26.59:366][ 10]SourceControl: Info nothing to commit, working tree clean
[2017.05.16-16.27.12:493][937]SourceControl: Info fatal: E:/UE4/UE_4.15/Engine/Content/: 'E:/UE4/UE_4.15/Engine/Content/' is outside repository
[2017.05.16-16.27.12:572][937]LogPackageName:Error: Illegal call to DoesPackageExist: '../../../../Tank666 4.15/Tank666.uproject' is not a standard unreal filename or a long path name. Reason: Path should be no less than 4 characters long.
[2017.05.16-16.27.12:784][937]LogStats: FPlatformStackWalk::StackWalkAndDump -  0.212 s
[2017.05.16-16.27.12:784][937]LogOutputDevice:Error: === Handled ensure: ===
[2017.05.16-16.27.12:784][937]LogOutputDevice:Error: 
[2017.05.16-16.27.12:784][937]LogOutputDevice:Error: Ensure condition failed: false [File:D:\Build\++UE4+Release-4.15+Compile\Sync\Engine\Source\Runtime\CoreUObject\Private\Misc\PackageName.cpp] [Line: 650]
[2017.05.16-16.27.12:784][937]LogOutputDevice:Error: Illegal call to DoesPackageExist: '../../../../Tank666 4.15/Tank666.uproject' is not a standard unreal filename or a long path name. Reason: Path should be no less than 4 characters long.
[2017.05.16-16.27.12:784][937]LogOutputDevice:Error: Stack: 
[2017.05.16-16.27.12:784][937]LogOutputDevice:Error: UE4Editor-Core.dll!0x000000008F8495D6
[2017.05.16-16.27.12:784][937]LogOutputDevice:Error: UE4Editor-Core.dll!0x000000008F5F9B72
[2017.05.16-16.27.12:784][937]LogOutputDevice:Error: UE4Editor-Core.dll!0x000000008F60B656
[2017.05.16-16.27.12:784][937]LogOutputDevice:Error: UE4Editor-CoreUObject.dll!0x000000008E7CA6B8
[2017.05.16-16.27.12:784][937]LogOutputDevice:Error: UE4Editor-SourceControl.dll!0x000000008EE13D22
[2017.05.16-16.27.12:784][937]LogOutputDevice:Error: UE4Editor-SourceControl.dll!0x000000008EE13EB9
[2017.05.16-16.27.12:784][937]LogOutputDevice:Error: UE4Editor-SourceControlWindows.dll!0x00000000805C1D2E
[2017.05.16-16.27.12:784][937]LogOutputDevice:Error: UE4Editor-SourceControlWindows.dll!0x000000008057B4B5
[2017.05.16-16.27.12:784][937]LogOutputDevice:Error: UE4Editor-SourceControlWindows.dll!0x000000008057AA8D
[2017.05.16-16.27.12:784][937]LogOutputDevice:Error: UE4Editor-SourceControlWindows.dll!0x000000008058F274
[2017.05.16-16.27.12:784][937]LogOutputDevice:Error: UE4Editor-GitSourceControl.dll!0x000000007994B851
[2017.05.16-16.27.12:784][937]LogOutputDevice:Error: UE4Editor-GitSourceControl.dll!0x000000007995D1ED
[2017.05.16-16.27.12:784][937]LogOutputDevice:Error: UE4Editor-SourceControl.dll!0x000000008EE19C5C
[2017.05.16-16.27.12:784][937]LogOutputDevice:Error: UE4Editor-UnrealEd.dll!0x000000008A777517
[2017.05.16-16.27.12:784][937]LogOutputDevice:Error: UE4Editor-UnrealEd.dll!0x000000008AF81AD6
[2017.05.16-16.27.12:784][937]LogOutputDevice:Error: UE4Editor.exe!0x000000006060DEE3
[2017.05.16-16.27.12:784][937]LogOutputDevice:Error: UE4Editor.exe!0x00000000605FEB40
[2017.05.16-16.27.12:784][937]LogOutputDevice:Error: UE4Editor.exe!0x00000000605FEBBA
[2017.05.16-16.27.12:784][937]LogOutputDevice:Error: UE4Editor.exe!0x0000000060610A29
[2017.05.16-16.27.12:784][937]LogOutputDevice:Error: UE4Editor.exe!0x00000000606122B6
[2017.05.16-16.27.12:784][937]LogOutputDevice:Error: KERNEL32.DLL!0x00000000B7808102
[2017.05.16-16.27.12:784][937]LogOutputDevice:Error: ntdll.dll!0x00000000B7E9C5B4
[2017.05.16-16.27.12:784][937]LogOutputDevice:Error: 
[2017.05.16-16.27.12:790][937]LogStats:                SubmitErrorReport -  0.000 s
[2017.05.16-16.27.13:223][937]LogStats:                    SendNewReport -  0.433 s
[2017.05.16-16.27.13:223][937]LogStats:             FDebug::EnsureFailed -  0.651 s
[2017.05.16-16.33.22:481][ 65]LogTemp: Repeting last play command: Selected Viewport
[2017.05.16-16.33.22:488][ 65]LogBlueprintUserMessages: Early PlayInEditor Detection: Level '/Game/Level00.Level00:PersistentLevel' has LevelScriptBlueprint '/Game/Level00.Level00:PersistentLevel.Level00' with GeneratedClass '/Game/Level00.Level00_C' with ClassGeneratedBy '/Game/Level00.Level00:PersistentLevel.Level00'
[2017.05.16-16.33.22:488][ 65]LogPlayLevel: PlayLevel: No blueprints needed recompiling
[2017.05.16-16.33.22:488][ 65]PIE: New page: PIE session: Level00 (16 May 2017 10:33:22)
[2017.05.16-16.33.22:489][ 65]LogPlayLevel: Creating play world package: /Game/UEDPIE_0_Level00
[2017.05.16-16.33.22:505][ 65]LogPlayLevel: PIE: StaticDuplicateObject took: (0.016171s)
[2017.05.16-16.33.22:505][ 65]LogAIModule: Creating AISystem for world Level00
[2017.05.16-16.33.22:505][ 65]LogPlayLevel: PIE: World Init took: (0.000769s)
[2017.05.16-16.33.22:506][ 65]LogPlayLevel: PIE: Created PIE world by copying editor world from /Game/Level00.Level00 to /Game/UEDPIE_0_Level00.Level00 (0.017265s)
[2017.05.16-16.33.22:528][ 65]LogInit: XAudio2 using 'Speakers (Realtek High Definition Audio)' : 2 channels at 48 kHz using 32 bits per sample (channel mask 0x3)
[2017.05.16-16.33.22:536][ 65]LogInit: FAudioDevice initialized.
[2017.05.16-16.33.22:578][ 65]LogLoad: Game class is 'GameModeEE_C'
[2017.05.16-16.33.22:588][ 65]LogWorld: Bringing World /Game/UEDPIE_0_Level00.Level00 up for play (max tick rate 0) at 2017.05.16-13.33.22
[2017.05.16-16.33.22:590][ 65]LogWorld: Bringing up level for play took: 0.010749
[2017.05.16-16.33.22:619][ 65]LogContentBrowser: Native class hierarchy updated for 'MovieSceneCapture' in 0.0006 seconds. Added 11 classes and 0 folders.
[2017.05.16-16.33.22:620][ 65]LogGameMode:Display: Match State Changed from EnteringMap to WaitingToStart
[2017.05.16-16.33.22:620][ 65]LogGameState: Match State Changed from EnteringMap to WaitingToStart
[2017.05.16-16.33.22:620][ 65]LogGameMode:Display: Match State Changed from WaitingToStart to InProgress
[2017.05.16-16.33.22:622][ 65]LogGameState: Match State Changed from WaitingToStart to InProgress
[2017.05.16-16.33.22:622][ 65]PIE: Info Play in editor start time for /Game/UEDPIE_0_Level00 0.238
[2017.05.16-16.33.22:622][ 65]LogBlueprintUserMessages: Late PlayInEditor Detection: Level '/Game/Level00.Level00:PersistentLevel' has LevelScriptBlueprint '/Game/Level00.Level00:PersistentLevel.Level00' with GeneratedClass '/Game/Level00.Level00_C' with ClassGeneratedBy '/Game/Level00.Level00:PersistentLevel.Level00'
[2017.05.16-16.33.24:178][217]LogScriptCore:Warning: Script Msg: Attempted to access index 0 from array CallFunc_GetAllActorsOfClass_OutActors of length 0!
[2017.05.16-16.33.24:178][217]LogScript:Warning: Accessed None trying to read property CallFunc_Array_Get_Item
	BP_BulletPlayer_C /Game/UEDPIE_0_Level00.Level00:PersistentLevel.BP_BulletPlayer_C_0
	Function /Game/Player/BP_BulletPlayer.BP_BulletPlayer_C:ExecuteUbergraph_BP_BulletPlayer:01E0
[2017.05.16-16.33.24:178][217]PIE:Error: Error Blueprint Runtime Error: Accessed None trying to read property CallFunc_Array_Get_Item from function: 'ExecuteUbergraph_BP_BulletPlayer' from node: Add Radial Impulse in graph: EventGraph in object: BP_BulletPlayer with description: Accessed None trying to read property CallFunc_Array_Get_Item
[2017.05.16-16.33.24:178][217]LogScript:Warning: Accessed None
	BP_BulletPlayer_C /Game/UEDPIE_0_Level00.Level00:PersistentLevel.BP_BulletPlayer_C_0
	Function /Game/Player/BP_BulletPlayer.BP_BulletPlayer_C:ExecuteUbergraph_BP_BulletPlayer:01F5
[2017.05.16-16.33.24:179][217]PIE:Error: Error Blueprint Runtime Error: Accessed None from function: 'ExecuteUbergraph_BP_BulletPlayer' from node: Add Radial Impulse in graph: EventGraph in object: BP_BulletPlayer with description: Accessed None
[2017.05.16-16.33.25:042][295]LogBlueprintUserMessages: Early EndPlayMap Detection: Level '/Game/Level00.Level00:PersistentLevel' has LevelScriptBlueprint '/Game/Level00.Level00:PersistentLevel.Level00' with GeneratedClass '/Game/Level00.Level00_C' with ClassGeneratedBy '/Game/Level00.Level00:PersistentLevel.Level00'
[2017.05.16-16.33.25:082][295]LogBlueprintUserMessages: Late EndPlayMap Detection: Level '/Game/Level00.Level00:PersistentLevel' has LevelScriptBlueprint '/Game/Level00.Level00:PersistentLevel.Level00' with GeneratedClass '/Game/Level00.Level00_C' with ClassGeneratedBy '/Game/Level00.Level00:PersistentLevel.Level00'
[2017.05.16-16.33.26:004][368]SourceControl: Info On branch master
[2017.05.16-16.33.26:004][368]SourceControl: Info Your branch is based on 'origin/master', but the upstream is gone.
[2017.05.16-16.33.26:004][368]SourceControl: Info   (use "git branch --unset-upstream" to fixup)
[2017.05.16-16.33.26:004][368]SourceControl: Info Changes not staged for commit:
[2017.05.16-16.33.26:004][368]SourceControl: Info   (use "git add <file>..." to update what will be committed)
[2017.05.16-16.33.26:004][368]SourceControl: Info   (use "git checkout -- <file>..." to discard changes in working directory)
[2017.05.16-16.33.26:004][368]SourceControl: Info 	modified:   Saved/Config/Windows/SourceControlSettings.ini
[2017.05.16-16.33.26:004][368]SourceControl: Info Untracked files:
[2017.05.16-16.33.26:004][368]SourceControl: Info   (use "git add <file>..." to include in what will be committed)
[2017.05.16-16.33.26:004][368]SourceControl: Info 	Saved/Logs/UE4CC-Windows-CA25797848AEBCABBB36FDB02E7A6C08_0000/
[2017.05.16-16.33.26:004][368]SourceControl: Info no changes added to commit (use "git add" and/or "git commit -a")
[2017.05.16-16.33.26:635][414]LogTemp: Repeting last play command: Selected Viewport
[2017.05.16-16.33.26:640][414]LogBlueprintUserMessages: Early PlayInEditor Detection: Level '/Game/Level00.Level00:PersistentLevel' has LevelScriptBlueprint '/Game/Level00.Level00:PersistentLevel.Level00' with GeneratedClass '/Game/Level00.Level00_C' with ClassGeneratedBy '/Game/Level00.Level00:PersistentLevel.Level00'
[2017.05.16-16.33.26:640][414]LogPlayLevel: PlayLevel: No blueprints needed recompiling
[2017.05.16-16.33.26:640][414]PIE: New page: PIE session: Level00 (16 May 2017 10:33:26)
[2017.05.16-16.33.26:640][414]LogPlayLevel: Creating play world package: /Game/UEDPIE_0_Level00
[2017.05.16-16.33.26:656][414]LogPlayLevel: PIE: StaticDuplicateObject took: (0.015771s)
[2017.05.16-16.33.26:656][414]LogAIModule: Creating AISystem for world Level00
[2017.05.16-16.33.26:657][414]LogPlayLevel: PIE: World Init took: (0.000583s)
[2017.05.16-16.33.26:657][414]LogPlayLevel: PIE: Created PIE world by copying editor world from /Game/Level00.Level00 to /Game/UEDPIE_0_Level00.Level00 (0.016590s)
[2017.05.16-16.33.26:669][414]LogInit: XAudio2 using 'Speakers (Realtek High Definition Audio)' : 2 channels at 48 kHz using 32 bits per sample (channel mask 0x3)
[2017.05.16-16.33.26:676][414]LogInit: FAudioDevice initialized.
[2017.05.16-16.33.26:707][414]LogLoad: Game class is 'GameModeEE_C'
[2017.05.16-16.33.26:717][414]LogWorld: Bringing World /Game/UEDPIE_0_Level00.Level00 up for play (max tick rate 0) at 2017.05.16-13.33.26
[2017.05.16-16.33.26:719][414]LogWorld: Bringing up level for play took: 0.010646
[2017.05.16-16.33.26:720][414]LogGameMode:Display: Match State Changed from EnteringMap to WaitingToStart
[2017.05.16-16.33.26:720][414]LogGameState: Match State Changed from EnteringMap to WaitingToStart
[2017.05.16-16.33.26:720][414]LogGameMode:Display: Match State Changed from WaitingToStart to InProgress
[2017.05.16-16.33.26:722][414]LogGameState: Match State Changed from WaitingToStart to InProgress
[2017.05.16-16.33.26:722][414]PIE: Info Play in editor start time for /Game/UEDPIE_0_Level00 0.338
[2017.05.16-16.33.26:722][414]LogBlueprintUserMessages: Late PlayInEditor Detection: Level '/Game/Level00.Level00:PersistentLevel' has LevelScriptBlueprint '/Game/Level00.Level00:PersistentLevel.Level00' with GeneratedClass '/Game/Level00.Level00_C' with ClassGeneratedBy '/Game/Level00.Level00:PersistentLevel.Level00'
[2017.05.16-16.33.28:221][559]LogScriptCore:Warning: Script Msg: Attempted to access index 0 from array CallFunc_GetAllActorsOfClass_OutActors of length 0!
[2017.05.16-16.33.28:221][559]LogScript:Warning: Accessed None trying to read property CallFunc_Array_Get_Item
	BP_BulletPlayer_C /Game/UEDPIE_0_Level00.Level00:PersistentLevel.BP_BulletPlayer_C_0
	Function /Game/Player/BP_BulletPlayer.BP_BulletPlayer_C:ExecuteUbergraph_BP_BulletPlayer:01E0
[2017.05.16-16.33.28:221][559]PIE:Error: Error Blueprint Runtime Error: Accessed None trying to read property CallFunc_Array_Get_Item from function: 'ExecuteUbergraph_BP_BulletPlayer' from node: Add Radial Impulse in graph: EventGraph in object: BP_BulletPlayer with description: Accessed None trying to read property CallFunc_Array_Get_Item
[2017.05.16-16.33.28:221][559]LogScript:Warning: Accessed None
	BP_BulletPlayer_C /Game/UEDPIE_0_Level00.Level00:PersistentLevel.BP_BulletPlayer_C_0
	Function /Game/Player/BP_BulletPlayer.BP_BulletPlayer_C:ExecuteUbergraph_BP_BulletPlayer:01F5
[2017.05.16-16.33.28:221][559]PIE:Error: Error Blueprint Runtime Error: Accessed None from function: 'ExecuteUbergraph_BP_BulletPlayer' from node: Add Radial Impulse in graph: EventGraph in object: BP_BulletPlayer with description: Accessed None
[2017.05.16-16.33.28:222][559]LogScript:Warning: Attempted to access BP_BulletPlayer_C_0 via property K2Node_DynamicCast_AsBP_Bullet_Player, but BP_BulletPlayer_C_0 is pending kill
	BP_Blocks_C /Game/UEDPIE_0_Level00.Level00:PersistentLevel.BP_Blocks_C_544
	Function /Game/Player/BP_Blocks.BP_Blocks_C:ExecuteUbergraph_BP_Blocks:0073
[2017.05.16-16.33.28:222][559]PIE:Error: Error Blueprint Runtime Error: Attempted to access BP_BulletPlayer_C_0 via property K2Node_DynamicCast_AsBP_Bullet_Player, but BP_BulletPlayer_C_0 is pending kill from function: 'ExecuteUbergraph_BP_Blocks' from node: Branch in graph: EventGraph in object: BP_Blocks with description: Attempted to access BP_BulletPlayer_C_0 via property K2Node_DynamicCast_AsBP_Bullet_Player, but BP_BulletPlayer_C_0 is pending kill
[2017.05.16-16.33.28:222][559]LogScript:Warning: Accessed None
	BP_Blocks_C /Game/UEDPIE_0_Level00.Level00:PersistentLevel.BP_Blocks_C_544
	Function /Game/Player/BP_Blocks.BP_Blocks_C:ExecuteUbergraph_BP_Blocks:0088
[2017.05.16-16.33.28:222][559]PIE:Error: Error Blueprint Runtime Error: Accessed None from function: 'ExecuteUbergraph_BP_Blocks' from node: Branch in graph: EventGraph in object: BP_Blocks with description: Accessed None
[2017.05.16-16.33.28:389][573]LogScriptCore:Warning: Script Msg: Attempted to access index 0 from array CallFunc_GetAllActorsOfClass_OutActors of length 0!
[2017.05.16-16.33.28:389][573]LogScript:Warning: Accessed None trying to read property CallFunc_Array_Get_Item
	BP_BulletPlayer_C /Game/UEDPIE_0_Level00.Level00:PersistentLevel.BP_BulletPlayer_C_1
	Function /Game/Player/BP_BulletPlayer.BP_BulletPlayer_C:ExecuteUbergraph_BP_BulletPlayer:01E0
[2017.05.16-16.33.28:389][573]PIE:Error: Error Blueprint Runtime Error: Accessed None trying to read property CallFunc_Array_Get_Item from function: 'ExecuteUbergraph_BP_BulletPlayer' from node: Add Radial Impulse in graph: EventGraph in object: BP_BulletPlayer with description: Accessed None trying to read property CallFunc_Array_Get_Item
[2017.05.16-16.33.28:389][573]LogScript:Warning: Accessed None
	BP_BulletPlayer_C /Game/UEDPIE_0_Level00.Level00:PersistentLevel.BP_BulletPlayer_C_1
	Function /Game/Player/BP_BulletPlayer.BP_BulletPlayer_C:ExecuteUbergraph_BP_BulletPlayer:01F5
[2017.05.16-16.33.28:390][573]PIE:Error: Error Blueprint Runtime Error: Accessed None from function: 'ExecuteUbergraph_BP_BulletPlayer' from node: Add Radial Impulse in graph: EventGraph in object: BP_BulletPlayer with description: Accessed None
[2017.05.16-16.33.28:390][573]LogScript:Warning: Attempted to access BP_BulletPlayer_C_1 via property K2Node_DynamicCast_AsBP_Bullet_Player, but BP_BulletPlayer_C_1 is pending kill
	BP_Blocks_C /Game/UEDPIE_0_Level00.Level00:PersistentLevel.BP_Blocks_C_547
	Function /Game/Player/BP_Blocks.BP_Blocks_C:ExecuteUbergraph_BP_Blocks:0073
[2017.05.16-16.33.28:390][573]PIE:Error: Error Blueprint Runtime Error: Attempted to access BP_BulletPlayer_C_1 via property K2Node_DynamicCast_AsBP_Bullet_Player, but BP_BulletPlayer_C_1 is pending kill from function: 'ExecuteUbergraph_BP_Blocks' from node: Branch in graph: EventGraph in object: BP_Blocks with description: Attempted to access BP_BulletPlayer_C_1 via property K2Node_DynamicCast_AsBP_Bullet_Player, but BP_BulletPlayer_C_1 is pending kill
[2017.05.16-16.33.28:390][573]LogScript:Warning: Accessed None
	BP_Blocks_C /Game/UEDPIE_0_Level00.Level00:PersistentLevel.BP_Blocks_C_547
	Function /Game/Player/BP_Blocks.BP_Blocks_C:ExecuteUbergraph_BP_Blocks:0088
[2017.05.16-16.33.28:390][573]PIE:Error: Error Blueprint Runtime Error: Accessed None from function: 'ExecuteUbergraph_BP_Blocks' from node: Branch in graph: EventGraph in object: BP_Blocks with description: Accessed None
[2017.05.16-16.33.28:572][587]LogScriptCore:Warning: Script Msg: Attempted to access index 0 from array CallFunc_GetAllActorsOfClass_OutActors of length 0!
[2017.05.16-16.33.28:572][587]LogScript:Warning: Accessed None trying to read property CallFunc_Array_Get_Item
	BP_BulletPlayer_C /Game/UEDPIE_0_Level00.Level00:PersistentLevel.BP_BulletPlayer_C_2
	Function /Game/Player/BP_BulletPlayer.BP_BulletPlayer_C:ExecuteUbergraph_BP_BulletPlayer:01E0
[2017.05.16-16.33.28:572][587]PIE:Error: Error Blueprint Runtime Error: Accessed None trying to read property CallFunc_Array_Get_Item from function: 'ExecuteUbergraph_BP_BulletPlayer' from node: Add Radial Impulse in graph: EventGraph in object: BP_BulletPlayer with description: Accessed None trying to read property CallFunc_Array_Get_Item
[2017.05.16-16.33.28:572][587]LogScript:Warning: Accessed None
	BP_BulletPlayer_C /Game/UEDPIE_0_Level00.Level00:PersistentLevel.BP_BulletPlayer_C_2
	Function /Game/Player/BP_BulletPlayer.BP_BulletPlayer_C:ExecuteUbergraph_BP_BulletPlayer:01F5
[2017.05.16-16.33.28:572][587]PIE:Error: Error Blueprint Runtime Error: Accessed None from function: 'ExecuteUbergraph_BP_BulletPlayer' from node: Add Radial Impulse in graph: EventGraph in object: BP_BulletPlayer with description: Accessed None
[2017.05.16-16.33.28:572][587]LogScript:Warning: Attempted to access BP_BulletPlayer_C_2 via property K2Node_DynamicCast_AsBP_Bullet_Player, but BP_BulletPlayer_C_2 is pending kill
	BP_Blocks_C /Game/UEDPIE_0_Level00.Level00:PersistentLevel.BP_Blocks_C_541
	Function /Game/Player/BP_Blocks.BP_Blocks_C:ExecuteUbergraph_BP_Blocks:0073
[2017.05.16-16.33.28:572][587]PIE:Error: Error Blueprint Runtime Error: Attempted to access BP_BulletPlayer_C_2 via property K2Node_DynamicCast_AsBP_Bullet_Player, but BP_BulletPlayer_C_2 is pending kill from function: 'ExecuteUbergraph_BP_Blocks' from node: Branch in graph: EventGraph in object: BP_Blocks with description: Attempted to access BP_BulletPlayer_C_2 via property K2Node_DynamicCast_AsBP_Bullet_Player, but BP_BulletPlayer_C_2 is pending kill
[2017.05.16-16.33.28:572][587]LogScript:Warning: Accessed None
	BP_Blocks_C /Game/UEDPIE_0_Level00.Level00:PersistentLevel.BP_Blocks_C_541
	Function /Game/Player/BP_Blocks.BP_Blocks_C:ExecuteUbergraph_BP_Blocks:0088
[2017.05.16-16.33.28:573][587]PIE:Error: Error Blueprint Runtime Error: Accessed None from function: 'ExecuteUbergraph_BP_Blocks' from node: Branch in graph: EventGraph in object: BP_Blocks with description: Accessed None
[2017.05.16-16.33.28:723][598]LogScriptCore:Warning: Script Msg: Attempted to access index 0 from array CallFunc_GetAllActorsOfClass_OutActors of length 0!
[2017.05.16-16.33.28:723][598]LogScript:Warning: Accessed None trying to read property CallFunc_Array_Get_Item
	BP_BulletPlayer_C /Game/UEDPIE_0_Level00.Level00:PersistentLevel.BP_BulletPlayer_C_3
	Function /Game/Player/BP_BulletPlayer.BP_BulletPlayer_C:ExecuteUbergraph_BP_BulletPlayer:01E0
[2017.05.16-16.33.28:723][598]PIE:Error: Error Blueprint Runtime Error: Accessed None trying to read property CallFunc_Array_Get_Item from function: 'ExecuteUbergraph_BP_BulletPlayer' from node: Add Radial Impulse in graph: EventGraph in object: BP_BulletPlayer with description: Accessed None trying to read property CallFunc_Array_Get_Item
[2017.05.16-16.33.28:723][598]LogScript:Warning: Accessed None
	BP_BulletPlayer_C /Game/UEDPIE_0_Level00.Level00:PersistentLevel.BP_BulletPlayer_C_3
	Function /Game/Player/BP_BulletPlayer.BP_BulletPlayer_C:ExecuteUbergraph_BP_BulletPlayer:01F5
[2017.05.16-16.33.28:723][598]PIE:Error: Error Blueprint Runtime Error: Accessed None from function: 'ExecuteUbergraph_BP_BulletPlayer' from node: Add Radial Impulse in graph: EventGraph in object: BP_BulletPlayer with description: Accessed None
[2017.05.16-16.33.28:723][598]LogScript:Warning: Attempted to access BP_BulletPlayer_C_3 via property K2Node_DynamicCast_AsBP_Bullet_Player, but BP_BulletPlayer_C_3 is pending kill
	BP_Blocks_C /Game/UEDPIE_0_Level00.Level00:PersistentLevel.BP_Blocks_C_540
	Function /Game/Player/BP_Blocks.BP_Blocks_C:ExecuteUbergraph_BP_Blocks:0073
[2017.05.16-16.33.28:723][598]PIE:Error: Error Blueprint Runtime Error: Attempted to access BP_BulletPlayer_C_3 via property K2Node_DynamicCast_AsBP_Bullet_Player, but BP_BulletPlayer_C_3 is pending kill from function: 'ExecuteUbergraph_BP_Blocks' from node: Branch in graph: EventGraph in object: BP_Blocks with description: Attempted to access BP_BulletPlayer_C_3 via property K2Node_DynamicCast_AsBP_Bullet_Player, but BP_BulletPlayer_C_3 is pending kill
[2017.05.16-16.33.28:723][598]LogScript:Warning: Accessed None
	BP_Blocks_C /Game/UEDPIE_0_Level00.Level00:PersistentLevel.BP_Blocks_C_540
	Function /Game/Player/BP_Blocks.BP_Blocks_C:ExecuteUbergraph_BP_Blocks:0088
[2017.05.16-16.33.28:723][598]PIE:Error: Error Blueprint Runtime Error: Accessed None from function: 'ExecuteUbergraph_BP_Blocks' from node: Branch in graph: EventGraph in object: BP_Blocks with description: Accessed None
[2017.05.16-16.33.28:846][607]LogScriptCore:Warning: Script Msg: Attempted to access index 0 from array CallFunc_GetAllActorsOfClass_OutActors of length 0!
[2017.05.16-16.33.28:846][607]LogScript:Warning: Accessed None trying to read property CallFunc_Array_Get_Item
	BP_BulletPlayer_C /Game/UEDPIE_0_Level00.Level00:PersistentLevel.BP_BulletPlayer_C_4
	Function /Game/Player/BP_BulletPlayer.BP_BulletPlayer_C:ExecuteUbergraph_BP_BulletPlayer:01E0
[2017.05.16-16.33.28:846][607]PIE:Error: Error Blueprint Runtime Error: Accessed None trying to read property CallFunc_Array_Get_Item from function: 'ExecuteUbergraph_BP_BulletPlayer' from node: Add Radial Impulse in graph: EventGraph in object: BP_BulletPlayer with description: Accessed None trying to read property CallFunc_Array_Get_Item
[2017.05.16-16.33.28:846][607]LogScript:Warning: Accessed None
	BP_BulletPlayer_C /Game/UEDPIE_0_Level00.Level00:PersistentLevel.BP_BulletPlayer_C_4
	Function /Game/Player/BP_BulletPlayer.BP_BulletPlayer_C:ExecuteUbergraph_BP_BulletPlayer:01F5
[2017.05.16-16.33.28:846][607]PIE:Error: Error Blueprint Runtime Error: Accessed None from function: 'ExecuteUbergraph_BP_BulletPlayer' from node: Add Radial Impulse in graph: EventGraph in object: BP_BulletPlayer with description: Accessed None
[2017.05.16-16.33.28:983][617]LogScriptCore:Warning: Script Msg: Attempted to access index 0 from array CallFunc_GetAllActorsOfClass_OutActors of length 0!
[2017.05.16-16.33.28:983][617]LogScript:Warning: Accessed None trying to read property CallFunc_Array_Get_Item
	BP_BulletPlayer_C /Game/UEDPIE_0_Level00.Level00:PersistentLevel.BP_BulletPlayer_C_5
	Function /Game/Player/BP_BulletPlayer.BP_BulletPlayer_C:ExecuteUbergraph_BP_BulletPlayer:01E0
[2017.05.16-16.33.28:983][617]PIE:Error: Error Blueprint Runtime Error: Accessed None trying to read property CallFunc_Array_Get_Item from function: 'ExecuteUbergraph_BP_BulletPlayer' from node: Add Radial Impulse in graph: EventGraph in object: BP_BulletPlayer with description: Accessed None trying to read property CallFunc_Array_Get_Item
[2017.05.16-16.33.28:983][617]LogScript:Warning: Accessed None
	BP_BulletPlayer_C /Game/UEDPIE_0_Level00.Level00:PersistentLevel.BP_BulletPlayer_C_5
	Function /Game/Player/BP_BulletPlayer.BP_BulletPlayer_C:ExecuteUbergraph_BP_BulletPlayer:01F5
[2017.05.16-16.33.28:983][617]PIE:Error: Error Blueprint Runtime Error: Accessed None from function: 'ExecuteUbergraph_BP_BulletPlayer' from node: Add Radial Impulse in graph: EventGraph in object: BP_BulletPlayer with description: Accessed None
[2017.05.16-16.33.29:806][684]LogScriptCore:Warning: Script Msg: Attempted to access index 0 from array CallFunc_GetAllActorsOfClass_OutActors of length 0!
[2017.05.16-16.33.29:806][684]LogScript:Warning: Accessed None trying to read property CallFunc_Array_Get_Item
	BP_BulletPlayer_C /Game/UEDPIE_0_Level00.Level00:PersistentLevel.BP_BulletPlayer_C_6
	Function /Game/Player/BP_BulletPlayer.BP_BulletPlayer_C:ExecuteUbergraph_BP_BulletPlayer:01E0
[2017.05.16-16.33.29:806][684]PIE:Error: Error Blueprint Runtime Error: Accessed None trying to read property CallFunc_Array_Get_Item from function: 'ExecuteUbergraph_BP_BulletPlayer' from node: Add Radial Impulse in graph: EventGraph in object: BP_BulletPlayer with description: Accessed None trying to read property CallFunc_Array_Get_Item
[2017.05.16-16.33.29:806][684]LogScript:Warning: Accessed None
	BP_BulletPlayer_C /Game/UEDPIE_0_Level00.Level00:PersistentLevel.BP_BulletPlayer_C_6
	Function /Game/Player/BP_BulletPlayer.BP_BulletPlayer_C:ExecuteUbergraph_BP_BulletPlayer:01F5
[2017.05.16-16.33.29:806][684]PIE:Error: Error Blueprint Runtime Error: Accessed None from function: 'ExecuteUbergraph_BP_BulletPlayer' from node: Add Radial Impulse in graph: EventGraph in object: BP_BulletPlayer with description: Accessed None
[2017.05.16-16.33.29:807][684]LogScript:Warning: Attempted to access BP_BulletPlayer_C_6 via property K2Node_DynamicCast_AsBP_Bullet_Player, but BP_BulletPlayer_C_6 is pending kill
	BP_Blocks_C /Game/UEDPIE_0_Level00.Level00:PersistentLevel.BP_Blocks_C_567
	Function /Game/Player/BP_Blocks.BP_Blocks_C:ExecuteUbergraph_BP_Blocks:0073
[2017.05.16-16.33.29:807][684]PIE:Error: Error Blueprint Runtime Error: Attempted to access BP_BulletPlayer_C_6 via property K2Node_DynamicCast_AsBP_Bullet_Player, but BP_BulletPlayer_C_6 is pending kill from function: 'ExecuteUbergraph_BP_Blocks' from node: Branch in graph: EventGraph in object: BP_Blocks with description: Attempted to access BP_BulletPlayer_C_6 via property K2Node_DynamicCast_AsBP_Bullet_Player, but BP_BulletPlayer_C_6 is pending kill
[2017.05.16-16.33.29:807][684]LogScript:Warning: Accessed None
	BP_Blocks_C /Game/UEDPIE_0_Level00.Level00:PersistentLevel.BP_Blocks_C_567
	Function /Game/Player/BP_Blocks.BP_Blocks_C:ExecuteUbergraph_BP_Blocks:0088
[2017.05.16-16.33.29:807][684]PIE:Error: Error Blueprint Runtime Error: Accessed None from function: 'ExecuteUbergraph_BP_Blocks' from node: Branch in graph: EventGraph in object: BP_Blocks with description: Accessed None
[2017.05.16-16.33.30:099][706]LogScriptCore:Warning: Script Msg: Attempted to access index 0 from array CallFunc_GetAllActorsOfClass_OutActors of length 0!
[2017.05.16-16.33.30:099][706]LogScript:Warning: Accessed None trying to read property CallFunc_Array_Get_Item
	BP_BulletPlayer_C /Game/UEDPIE_0_Level00.Level00:PersistentLevel.BP_BulletPlayer_C_7
	Function /Game/Player/BP_BulletPlayer.BP_BulletPlayer_C:ExecuteUbergraph_BP_BulletPlayer:01E0
[2017.05.16-16.33.30:099][706]PIE:Error: Error Blueprint Runtime Error: Accessed None trying to read property CallFunc_Array_Get_Item from function: 'ExecuteUbergraph_BP_BulletPlayer' from node: Add Radial Impulse in graph: EventGraph in object: BP_BulletPlayer with description: Accessed None trying to read property CallFunc_Array_Get_Item
[2017.05.16-16.33.30:099][706]LogScript:Warning: Accessed None
	BP_BulletPlayer_C /Game/UEDPIE_0_Level00.Level00:PersistentLevel.BP_BulletPlayer_C_7
	Function /Game/Player/BP_BulletPlayer.BP_BulletPlayer_C:ExecuteUbergraph_BP_BulletPlayer:01F5
[2017.05.16-16.33.30:099][706]PIE:Error: Error Blueprint Runtime Error: Accessed None from function: 'ExecuteUbergraph_BP_BulletPlayer' from node: Add Radial Impulse in graph: EventGraph in object: BP_BulletPlayer with description: Accessed None
[2017.05.16-16.33.30:099][706]LogScript:Warning: Attempted to access BP_BulletPlayer_C_7 via property K2Node_DynamicCast_AsBP_Bullet_Player, but BP_BulletPlayer_C_7 is pending kill
	BP_Blocks_C /Game/UEDPIE_0_Level00.Level00:PersistentLevel.BP_Blocks_C_569
	Function /Game/Player/BP_Blocks.BP_Blocks_C:ExecuteUbergraph_BP_Blocks:0073
[2017.05.16-16.33.30:099][706]PIE:Error: Error Blueprint Runtime Error: Attempted to access BP_BulletPlayer_C_7 via property K2Node_DynamicCast_AsBP_Bullet_Player, but BP_BulletPlayer_C_7 is pending kill from function: 'ExecuteUbergraph_BP_Blocks' from node: Branch in graph: EventGraph in object: BP_Blocks with description: Attempted to access BP_BulletPlayer_C_7 via property K2Node_DynamicCast_AsBP_Bullet_Player, but BP_BulletPlayer_C_7 is pending kill
[2017.05.16-16.33.30:099][706]LogScript:Warning: Accessed None
	BP_Blocks_C /Game/UEDPIE_0_Level00.Level00:PersistentLevel.BP_Blocks_C_569
	Function /Game/Player/BP_Blocks.BP_Blocks_C:ExecuteUbergraph_BP_Blocks:0088
[2017.05.16-16.33.30:099][706]PIE:Error: Error Blueprint Runtime Error: Accessed None from function: 'ExecuteUbergraph_BP_Blocks' from node: Branch in graph: EventGraph in object: BP_Blocks with description: Accessed None
[2017.05.16-16.33.30:330][722]LogScriptCore:Warning: Script Msg: Attempted to access index 0 from array CallFunc_GetAllActorsOfClass_OutActors of length 0!
[2017.05.16-16.33.30:330][722]LogScript:Warning: Accessed None trying to read property CallFunc_Array_Get_Item
	BP_BulletPlayer_C /Game/UEDPIE_0_Level00.Level00:PersistentLevel.BP_BulletPlayer_C_8
	Function /Game/Player/BP_BulletPlayer.BP_BulletPlayer_C:ExecuteUbergraph_BP_BulletPlayer:01E0
[2017.05.16-16.33.30:330][722]PIE:Error: Error Blueprint Runtime Error: Accessed None trying to read property CallFunc_Array_Get_Item from function: 'ExecuteUbergraph_BP_BulletPlayer' from node: Add Radial Impulse in graph: EventGraph in object: BP_BulletPlayer with description: Accessed None trying to read property CallFunc_Array_Get_Item
[2017.05.16-16.33.30:330][722]LogScript:Warning: Accessed None
	BP_BulletPlayer_C /Game/UEDPIE_0_Level00.Level00:PersistentLevel.BP_BulletPlayer_C_8
	Function /Game/Player/BP_BulletPlayer.BP_BulletPlayer_C:ExecuteUbergraph_BP_BulletPlayer:01F5
[2017.05.16-16.33.30:330][722]PIE:Error: Error Blueprint Runtime Error: Accessed None from function: 'ExecuteUbergraph_BP_BulletPlayer' from node: Add Radial Impulse in graph: EventGraph in object: BP_BulletPlayer with description: Accessed None
[2017.05.16-16.33.30:330][722]LogScript:Warning: Attempted to access BP_BulletPlayer_C_8 via property K2Node_DynamicCast_AsBP_Bullet_Player, but BP_BulletPlayer_C_8 is pending kill
	BP_Blocks_C /Game/UEDPIE_0_Level00.Level00:PersistentLevel.BP_Blocks_C_554
	Function /Game/Player/BP_Blocks.BP_Blocks_C:ExecuteUbergraph_BP_Blocks:0073
[2017.05.16-16.33.30:330][722]PIE:Error: Error Blueprint Runtime Error: Attempted to access BP_BulletPlayer_C_8 via property K2Node_DynamicCast_AsBP_Bullet_Player, but BP_BulletPlayer_C_8 is pending kill from function: 'ExecuteUbergraph_BP_Blocks' from node: Branch in graph: EventGraph in object: BP_Blocks with description: Attempted to access BP_BulletPlayer_C_8 via property K2Node_DynamicCast_AsBP_Bullet_Player, but BP_BulletPlayer_C_8 is pending kill
[2017.05.16-16.33.30:330][722]LogScript:Warning: Accessed None
	BP_Blocks_C /Game/UEDPIE_0_Level00.Level00:PersistentLevel.BP_Blocks_C_554
	Function /Game/Player/BP_Blocks.BP_Blocks_C:ExecuteUbergraph_BP_Blocks:0088
[2017.05.16-16.33.30:330][722]PIE:Error: Error Blueprint Runtime Error: Accessed None from function: 'ExecuteUbergraph_BP_Blocks' from node: Branch in graph: EventGraph in object: BP_Blocks with description: Accessed None
[2017.05.16-16.33.30:859][756]LogScriptCore:Warning: Script Msg: Attempted to access index 0 from array CallFunc_GetAllActorsOfClass_OutActors of length 0!
[2017.05.16-16.33.30:859][756]LogScript:Warning: Accessed None trying to read property CallFunc_Array_Get_Item
	BP_BulletPlayer_C /Game/UEDPIE_0_Level00.Level00:PersistentLevel.BP_BulletPlayer_C_9
	Function /Game/Player/BP_BulletPlayer.BP_BulletPlayer_C:ExecuteUbergraph_BP_BulletPlayer:01E0
[2017.05.16-16.33.30:859][756]PIE:Error: Error Blueprint Runtime Error: Accessed None trying to read property CallFunc_Array_Get_Item from function: 'ExecuteUbergraph_BP_BulletPlayer' from node: Add Radial Impulse in graph: EventGraph in object: BP_BulletPlayer with description: Accessed None trying to read property CallFunc_Array_Get_Item
[2017.05.16-16.33.30:859][756]LogScript:Warning: Accessed None
	BP_BulletPlayer_C /Game/UEDPIE_0_Level00.Level00:PersistentLevel.BP_BulletPlayer_C_9
	Function /Game/Player/BP_BulletPlayer.BP_BulletPlayer_C:ExecuteUbergraph_BP_BulletPlayer:01F5
[2017.05.16-16.33.30:859][756]PIE:Error: Error Blueprint Runtime Error: Accessed None from function: 'ExecuteUbergraph_BP_BulletPlayer' from node: Add Radial Impulse in graph: EventGraph in object: BP_BulletPlayer with description: Accessed None
[2017.05.16-16.33.30:859][756]LogScript:Warning: Attempted to access BP_BulletPlayer_C_9 via property K2Node_DynamicCast_AsBP_Bullet_Player, but BP_BulletPlayer_C_9 is pending kill
	BP_Blocks_C /Game/UEDPIE_0_Level00.Level00:PersistentLevel.BP_Blocks_C_555
	Function /Game/Player/BP_Blocks.BP_Blocks_C:ExecuteUbergraph_BP_Blocks:0073
[2017.05.16-16.33.30:859][756]PIE:Error: Error Blueprint Runtime Error: Attempted to access BP_BulletPlayer_C_9 via property K2Node_DynamicCast_AsBP_Bullet_Player, but BP_BulletPlayer_C_9 is pending kill from function: 'ExecuteUbergraph_BP_Blocks' from node: Branch in graph: EventGraph in object: BP_Blocks with description: Attempted to access BP_BulletPlayer_C_9 via property K2Node_DynamicCast_AsBP_Bullet_Player, but BP_BulletPlayer_C_9 is pending kill
[2017.05.16-16.33.30:859][756]LogScript:Warning: Accessed None
	BP_Blocks_C /Game/UEDPIE_0_Level00.Level00:PersistentLevel.BP_Blocks_C_555
	Function /Game/Player/BP_Blocks.BP_Blocks_C:ExecuteUbergraph_BP_Blocks:0088
[2017.05.16-16.33.30:859][756]PIE:Error: Error Blueprint Runtime Error: Accessed None from function: 'ExecuteUbergraph_BP_Blocks' from node: Branch in graph: EventGraph in object: BP_Blocks with description: Accessed None
[2017.05.16-16.33.31:063][770]LogScriptCore:Warning: Script Msg: Attempted to access index 0 from array CallFunc_GetAllActorsOfClass_OutActors of length 0!
[2017.05.16-16.33.31:063][770]LogScript:Warning: Accessed None trying to read property CallFunc_Array_Get_Item
	BP_BulletPlayer_C /Game/UEDPIE_0_Level00.Level00:PersistentLevel.BP_BulletPlayer_C_10
	Function /Game/Player/BP_BulletPlayer.BP_BulletPlayer_C:ExecuteUbergraph_BP_BulletPlayer:01E0
[2017.05.16-16.33.31:063][770]PIE:Error: Error Blueprint Runtime Error: Accessed None trying to read property CallFunc_Array_Get_Item from function: 'ExecuteUbergraph_BP_BulletPlayer' from node: Add Radial Impulse in graph: EventGraph in object: BP_BulletPlayer with description: Accessed None trying to read property CallFunc_Array_Get_Item
[2017.05.16-16.33.31:063][770]LogScript:Warning: Accessed None
	BP_BulletPlayer_C /Game/UEDPIE_0_Level00.Level00:PersistentLevel.BP_BulletPlayer_C_10
	Function /Game/Player/BP_BulletPlayer.BP_BulletPlayer_C:ExecuteUbergraph_BP_BulletPlayer:01F5
[2017.05.16-16.33.31:063][770]PIE:Error: Error Blueprint Runtime Error: Accessed None from function: 'ExecuteUbergraph_BP_BulletPlayer' from node: Add Radial Impulse in graph: EventGraph in object: BP_BulletPlayer with description: Accessed None
[2017.05.16-16.33.31:064][770]LogScript:Warning: Attempted to access BP_BulletPlayer_C_10 via property K2Node_DynamicCast_AsBP_Bullet_Player, but BP_BulletPlayer_C_10 is pending kill
	BP_Blocks_C /Game/UEDPIE_0_Level00.Level00:PersistentLevel.BP_Blocks_C_561
	Function /Game/Player/BP_Blocks.BP_Blocks_C:ExecuteUbergraph_BP_Blocks:0073
[2017.05.16-16.33.31:064][770]PIE:Error: Error Blueprint Runtime Error: Attempted to access BP_BulletPlayer_C_10 via property K2Node_DynamicCast_AsBP_Bullet_Player, but BP_BulletPlayer_C_10 is pending kill from function: 'ExecuteUbergraph_BP_Blocks' from node: Branch in graph: EventGraph in object: BP_Blocks with description: Attempted to access BP_BulletPlayer_C_10 via property K2Node_DynamicCast_AsBP_Bullet_Player, but BP_BulletPlayer_C_10 is pending kill
[2017.05.16-16.33.31:064][770]LogScript:Warning: Accessed None
	BP_Blocks_C /Game/UEDPIE_0_Level00.Level00:PersistentLevel.BP_Blocks_C_561
	Function /Game/Player/BP_Blocks.BP_Blocks_C:ExecuteUbergraph_BP_Blocks:0088
[2017.05.16-16.33.31:064][770]PIE:Error: Error Blueprint Runtime Error: Accessed None from function: 'ExecuteUbergraph_BP_Blocks' from node: Branch in graph: EventGraph in object: BP_Blocks with description: Accessed None
[2017.05.16-16.33.31:265][784]LogScriptCore:Warning: Script Msg: Attempted to access index 0 from array CallFunc_GetAllActorsOfClass_OutActors of length 0!
[2017.05.16-16.33.31:266][784]LogScript:Warning: Accessed None trying to read property CallFunc_Array_Get_Item
	BP_BulletPlayer_C /Game/UEDPIE_0_Level00.Level00:PersistentLevel.BP_BulletPlayer_C_11
	Function /Game/Player/BP_BulletPlayer.BP_BulletPlayer_C:ExecuteUbergraph_BP_BulletPlayer:01E0
[2017.05.16-16.33.31:266][784]PIE:Error: Error Blueprint Runtime Error: Accessed None trying to read property CallFunc_Array_Get_Item from function: 'ExecuteUbergraph_BP_BulletPlayer' from node: Add Radial Impulse in graph: EventGraph in object: BP_BulletPlayer with description: Accessed None trying to read property CallFunc_Array_Get_Item
[2017.05.16-16.33.31:266][784]LogScript:Warning: Accessed None
	BP_BulletPlayer_C /Game/UEDPIE_0_Level00.Level00:PersistentLevel.BP_BulletPlayer_C_11
	Function /Game/Player/BP_BulletPlayer.BP_BulletPlayer_C:ExecuteUbergraph_BP_BulletPlayer:01F5
[2017.05.16-16.33.31:266][784]PIE:Error: Error Blueprint Runtime Error: Accessed None from function: 'ExecuteUbergraph_BP_BulletPlayer' from node: Add Radial Impulse in graph: EventGraph in object: BP_BulletPlayer with description: Accessed None
[2017.05.16-16.33.31:266][784]LogScript:Warning: Attempted to access BP_BulletPlayer_C_11 via property K2Node_DynamicCast_AsBP_Bullet_Player, but BP_BulletPlayer_C_11 is pending kill
	BP_Blocks_C /Game/UEDPIE_0_Level00.Level00:PersistentLevel.BP_Blocks_C_562
	Function /Game/Player/BP_Blocks.BP_Blocks_C:ExecuteUbergraph_BP_Blocks:0073
[2017.05.16-16.33.31:266][784]PIE:Error: Error Blueprint Runtime Error: Attempted to access BP_BulletPlayer_C_11 via property K2Node_DynamicCast_AsBP_Bullet_Player, but BP_BulletPlayer_C_11 is pending kill from function: 'ExecuteUbergraph_BP_Blocks' from node: Branch in graph: EventGraph in object: BP_Blocks with description: Attempted to access BP_BulletPlayer_C_11 via property K2Node_DynamicCast_AsBP_Bullet_Player, but BP_BulletPlayer_C_11 is pending kill
[2017.05.16-16.33.31:266][784]LogScript:Warning: Accessed None
	BP_Blocks_C /Game/UEDPIE_0_Level00.Level00:PersistentLevel.BP_Blocks_C_562
	Function /Game/Player/BP_Blocks.BP_Blocks_C:ExecuteUbergraph_BP_Blocks:0088
[2017.05.16-16.33.31:266][784]PIE:Error: Error Blueprint Runtime Error: Accessed None from function: 'ExecuteUbergraph_BP_Blocks' from node: Branch in graph: EventGraph in object: BP_Blocks with description: Accessed None
[2017.05.16-16.33.31:483][799]LogScriptCore:Warning: Script Msg: Attempted to access index 0 from array CallFunc_GetAllActorsOfClass_OutActors of length 0!
[2017.05.16-16.33.31:483][799]LogScript:Warning: Accessed None trying to read property CallFunc_Array_Get_Item
	BP_BulletPlayer_C /Game/UEDPIE_0_Level00.Level00:PersistentLevel.BP_BulletPlayer_C_12
	Function /Game/Player/BP_BulletPlayer.BP_BulletPlayer_C:ExecuteUbergraph_BP_BulletPlayer:01E0
[2017.05.16-16.33.31:483][799]PIE:Error: Error Blueprint Runtime Error: Accessed None trying to read property CallFunc_Array_Get_Item from function: 'ExecuteUbergraph_BP_BulletPlayer' from node: Add Radial Impulse in graph: EventGraph in object: BP_BulletPlayer with description: Accessed None trying to read property CallFunc_Array_Get_Item
[2017.05.16-16.33.31:483][799]LogScript:Warning: Accessed None
	BP_BulletPlayer_C /Game/UEDPIE_0_Level00.Level00:PersistentLevel.BP_BulletPlayer_C_12
	Function /Game/Player/BP_BulletPlayer.BP_BulletPlayer_C:ExecuteUbergraph_BP_BulletPlayer:01F5
[2017.05.16-16.33.31:483][799]PIE:Error: Error Blueprint Runtime Error: Accessed None from function: 'ExecuteUbergraph_BP_BulletPlayer' from node: Add Radial Impulse in graph: EventGraph in object: BP_BulletPlayer with description: Accessed None
[2017.05.16-16.33.31:483][799]LogScript:Warning: Attempted to access BP_BulletPlayer_C_12 via property K2Node_DynamicCast_AsBP_Bullet_Player, but BP_BulletPlayer_C_12 is pending kill
	BP_Blocks_C /Game/UEDPIE_0_Level00.Level00:PersistentLevel.BP_Blocks_C_563
	Function /Game/Player/BP_Blocks.BP_Blocks_C:ExecuteUbergraph_BP_Blocks:0073
[2017.05.16-16.33.31:483][799]PIE:Error: Error Blueprint Runtime Error: Attempted to access BP_BulletPlayer_C_12 via property K2Node_DynamicCast_AsBP_Bullet_Player, but BP_BulletPlayer_C_12 is pending kill from function: 'ExecuteUbergraph_BP_Blocks' from node: Branch in graph: EventGraph in object: BP_Blocks with description: Attempted to access BP_BulletPlayer_C_12 via property K2Node_DynamicCast_AsBP_Bullet_Player, but BP_BulletPlayer_C_12 is pending kill
[2017.05.16-16.33.31:484][799]LogScript:Warning: Accessed None
	BP_Blocks_C /Game/UEDPIE_0_Level00.Level00:PersistentLevel.BP_Blocks_C_563
	Function /Game/Player/BP_Blocks.BP_Blocks_C:ExecuteUbergraph_BP_Blocks:0088
[2017.05.16-16.33.31:484][799]PIE:Error: Error Blueprint Runtime Error: Accessed None from function: 'ExecuteUbergraph_BP_Blocks' from node: Branch in graph: EventGraph in object: BP_Blocks with description: Accessed None
[2017.05.16-16.33.31:907][829]LogScriptCore:Warning: Script Msg: Attempted to access index 0 from array CallFunc_GetAllActorsOfClass_OutActors of length 0!
[2017.05.16-16.33.31:907][829]LogScript:Warning: Accessed None trying to read property CallFunc_Array_Get_Item
	BP_BulletPlayer_C /Game/UEDPIE_0_Level00.Level00:PersistentLevel.BP_BulletPlayer_C_13
	Function /Game/Player/BP_BulletPlayer.BP_BulletPlayer_C:ExecuteUbergraph_BP_BulletPlayer:01E0
[2017.05.16-16.33.31:907][829]PIE:Error: Error Blueprint Runtime Error: Accessed None trying to read property CallFunc_Array_Get_Item from function: 'ExecuteUbergraph_BP_BulletPlayer' from node: Add Radial Impulse in graph: EventGraph in object: BP_BulletPlayer with description: Accessed None trying to read property CallFunc_Array_Get_Item
[2017.05.16-16.33.31:907][829]LogScript:Warning: Accessed None
	BP_BulletPlayer_C /Game/UEDPIE_0_Level00.Level00:PersistentLevel.BP_BulletPlayer_C_13
	Function /Game/Player/BP_BulletPlayer.BP_BulletPlayer_C:ExecuteUbergraph_BP_BulletPlayer:01F5
[2017.05.16-16.33.31:907][829]PIE:Error: Error Blueprint Runtime Error: Accessed None from function: 'ExecuteUbergraph_BP_BulletPlayer' from node: Add Radial Impulse in graph: EventGraph in object: BP_BulletPlayer with description: Accessed None
[2017.05.16-16.33.31:907][829]LogScript:Warning: Attempted to access BP_BulletPlayer_C_13 via property K2Node_DynamicCast_AsBP_Bullet_Player, but BP_BulletPlayer_C_13 is pending kill
	BP_Blocks_C /Game/UEDPIE_0_Level00.Level00:PersistentLevel.Blocks329
	Function /Game/Player/BP_Blocks.BP_Blocks_C:ExecuteUbergraph_BP_Blocks:0073
[2017.05.16-16.33.31:907][829]PIE:Error: Error Blueprint Runtime Error: Attempted to access BP_BulletPlayer_C_13 via property K2Node_DynamicCast_AsBP_Bullet_Player, but BP_BulletPlayer_C_13 is pending kill from function: 'ExecuteUbergraph_BP_Blocks' from node: Branch in graph: EventGraph in object: BP_Blocks with description: Attempted to access BP_BulletPlayer_C_13 via property K2Node_DynamicCast_AsBP_Bullet_Player, but BP_BulletPlayer_C_13 is pending kill
[2017.05.16-16.33.31:907][829]LogScript:Warning: Accessed None
	BP_Blocks_C /Game/UEDPIE_0_Level00.Level00:PersistentLevel.Blocks329
	Function /Game/Player/BP_Blocks.BP_Blocks_C:ExecuteUbergraph_BP_Blocks:0088
[2017.05.16-16.33.31:907][829]PIE:Error: Error Blueprint Runtime Error: Accessed None from function: 'ExecuteUbergraph_BP_Blocks' from node: Branch in graph: EventGraph in object: BP_Blocks with description: Accessed None
[2017.05.16-16.33.31:988][835]LogBlueprintUserMessages: Early EndPlayMap Detection: Level '/Game/Level00.Level00:PersistentLevel' has LevelScriptBlueprint '/Game/Level00.Level00:PersistentLevel.Level00' with GeneratedClass '/Game/Level00.Level00_C' with ClassGeneratedBy '/Game/Level00.Level00:PersistentLevel.Level00'
[2017.05.16-16.33.32:036][835]LogBlueprintUserMessages: Late EndPlayMap Detection: Level '/Game/Level00.Level00:PersistentLevel' has LevelScriptBlueprint '/Game/Level00.Level00:PersistentLevel.Level00' with GeneratedClass '/Game/Level00.Level00_C' with ClassGeneratedBy '/Game/Level00.Level00:PersistentLevel.Level00'
[2017.05.16-16.34.35:415][543]LogEditorViewport: Clicking on Actor (context menu): BP_Blocks_C (Blocks326)
[2017.05.16-16.34.35:613][544]LogEditorViewport: Clicking on Actor (LMB): BP_Blocks_C (Blocks326)
[2017.05.16-16.34.39:291][850]LogEditorViewport: Clicking on Actor (LMB): StaticMeshActor (factory2)
[2017.05.16-16.34.45:399][343]LogSlate: Took 0.000183 seconds to synchronously load lazily loaded font '../../../Engine/Content/Slate/Fonts/Roboto-Light.ttf' (159K)
[2017.05.16-16.34.46:510][343]LogRenderer: Reallocating scene render targets to support 1508x924 NumSamples 1 (Frame:7636).
[2017.05.16-16.38.51:322][395]Cmd: QUIT_EDITOR
[2017.05.16-16.38.51:602][395]LogWindowsTextInputMethodSystem:Display: IME system now deactivated.
[2017.05.16-16.38.51:624][395]LogExit: Preparing to exit.
[2017.05.16-16.38.52:088][395]LogDirectoryWatcher: A directory notification for 'E:/UE4/Tank666 4.15/Content/' was aborted.
[2017.05.16-16.38.52:106][395]LogExit: Editor shut down
[2017.05.16-16.38.52:107][395]LogExit: Transaction tracking system shut down
[2017.05.16-16.38.52:162][395]LogObj: Freed 0b from 0 cluster array pools.
[2017.05.16-16.38.52:162][395]LogExit: Object subsystem successfully closed.
[2017.05.16-16.38.52:173][395]LogD3D11RHI: Shutdown
[2017.05.16-16.38.52:173][395]LogD3D11RHI: CleanupD3DDevice
[2017.05.16-16.38.52:243][395]LogD3D11RHI: ~FD3D11DynamicRHI
[2017.05.16-16.38.52:253][395]LogModuleManager: Shutting down and abandoning module StaticMeshEditor (500)
[2017.05.16-16.38.52:253][395]LogModuleManager: Shutting down and abandoning module MovieSceneCapture (498)
[2017.05.16-16.38.52:253][395]LogModuleManager: Shutting down and abandoning module HierarchicalLODOutliner (496)
[2017.05.16-16.38.52:253][395]LogModuleManager: Shutting down and abandoning module CrashTracker (494)
[2017.05.16-16.38.52:253][395]LogModuleManager: Shutting down and abandoning module AddContentDialog (492)
[2017.05.16-16.38.52:253][395]LogDirectoryWatcher: A directory notification for 'E:/UE4/UE_4.15/FeaturePacks/' was aborted.
[2017.05.16-16.38.52:254][395]LogModuleManager: Shutting down and abandoning module WidgetCarousel (491)
[2017.05.16-16.38.52:254][395]LogModuleManager: Shutting down and abandoning module EditorWidgets (488)
[2017.05.16-16.38.52:254][395]LogModuleManager: Shutting down and abandoning module CollectionManager (486)
[2017.05.16-16.38.52:254][395]LogDirectoryWatcher: A directory notification for 'E:/UE4/Tank666 4.15/Content/Collections/' was aborted.
[2017.05.16-16.38.52:254][395]LogDirectoryWatcher: A directory notification for 'E:/UE4/Tank666 4.15/Content/Developers/cluss/Collections/' was aborted.
[2017.05.16-16.38.52:254][395]LogDirectoryWatcher: A directory notification for 'E:/UE4/Tank666 4.15/Saved/Collections/' was aborted.
[2017.05.16-16.38.52:254][395]LogModuleManager: Shutting down and abandoning module SceneOutliner (484)
[2017.05.16-16.38.52:254][395]LogModuleManager: Shutting down and abandoning module StatsViewer (482)
[2017.05.16-16.38.52:254][395]LogModuleManager: Shutting down and abandoning module FoliageEdit (480)
[2017.05.16-16.38.52:254][395]LogModuleManager: Shutting down and abandoning module LandscapeEditor (478)
[2017.05.16-16.38.52:254][395]LogModuleManager: Shutting down and abandoning module SceneDepthPickerMode (476)
[2017.05.16-16.38.52:254][395]LogModuleManager: Shutting down and abandoning module ActorPickerMode (474)
[2017.05.16-16.38.52:254][395]LogModuleManager: Shutting down and abandoning module GeometryMode (472)
[2017.05.16-16.38.52:254][395]LogModuleManager: Shutting down and abandoning module TextureAlignMode (470)
[2017.05.16-16.38.52:254][395]LogModuleManager: Shutting down and abandoning module BspMode (468)
[2017.05.16-16.38.52:254][395]LogModuleManager: Shutting down and abandoning module HardwareSurvey (466)
[2017.05.16-16.38.52:254][395]LogModuleManager: Shutting down and abandoning module SequenceRecorderSections (464)
[2017.05.16-16.38.52:254][395]LogModuleManager: Shutting down and abandoning module AutomationWorker (462)
[2017.05.16-16.38.52:254][395]LogModuleManager: Shutting down and abandoning module MatineeToLevelSequence (460)
[2017.05.16-16.38.52:254][395]LogModuleManager: Shutting down and abandoning module LevelSequenceEditor (458)
[2017.05.16-16.38.52:254][395]LogModuleManager: Shutting down and abandoning module PlacementMode (457)
[2017.05.16-16.38.52:254][395]LogModuleManager: Shutting down and abandoning module WmfMediaFactory (454)
[2017.05.16-16.38.52:254][395]LogModuleManager: Shutting down and abandoning module WmfMediaEditor (452)
[2017.05.16-16.38.52:254][395]LogModuleManager: Shutting down and abandoning module MfMediaFactory (450)
[2017.05.16-16.38.52:254][395]LogModuleManager: Shutting down and abandoning module MfMediaEditor (448)
[2017.05.16-16.38.52:254][395]LogModuleManager: Shutting down and abandoning module AvfMediaFactory (446)
[2017.05.16-16.38.52:254][395]LogModuleManager: Shutting down and abandoning module AvfMediaEditor (444)
[2017.05.16-16.38.52:254][395]LogModuleManager: Shutting down and abandoning module AndroidMediaFactory (442)
[2017.05.16-16.38.52:254][395]LogModuleManager: Shutting down and abandoning module Media (441)
[2017.05.16-16.38.52:254][395]LogModuleManager: Shutting down and abandoning module AndroidMediaEditor (438)
[2017.05.16-16.38.52:254][395]LogModuleManager: Shutting down and abandoning module CharacterAI (436)
[2017.05.16-16.38.52:254][395]LogModuleManager: Shutting down and abandoning module AudioCapture (434)
[2017.05.16-16.38.52:254][395]LogModuleManager: Shutting down and abandoning module SequenceRecorder (433)
[2017.05.16-16.38.52:254][395]LogModuleManager: Shutting down and abandoning module SmartSnapping (430)
[2017.05.16-16.38.52:254][395]LogModuleManager: Shutting down and abandoning module SessionServices (428)
[2017.05.16-16.38.52:254][395]LogModuleManager: Shutting down and abandoning module ViewportSnapping (426)
[2017.05.16-16.38.52:254][395]LogModuleManager: Shutting down and abandoning module ViewportInteraction (424)
[2017.05.16-16.38.52:254][395]LogModuleManager: Shutting down and abandoning module LogVisualizer (422)
[2017.05.16-16.38.52:254][395]LogModuleManager: Shutting down and abandoning module IntroTutorials (420)
[2017.05.16-16.38.52:254][395]LogModuleManager: Shutting down and abandoning module GameProjectGeneration (419)
[2017.05.16-16.38.52:254][395]LogModuleManager: Shutting down and abandoning module EditorLiveStreaming (416)
[2017.05.16-16.38.52:254][395]LogModuleManager: Shutting down and abandoning module IOSPlatformEditor (414)
[2017.05.16-16.38.52:254][395]LogModuleManager: Shutting down and abandoning module HTML5PlatformEditor (412)
[2017.05.16-16.38.52:254][395]LogModuleManager: Shutting down and abandoning module AndroidPlatformEditor (410)
[2017.05.16-16.38.52:254][395]LogModuleManager: Shutting down and abandoning module AndroidDeviceDetection (409)
[2017.05.16-16.38.53:009][395]LogModuleManager: Shutting down and abandoning module IOSRuntimeSettings (406)
[2017.05.16-16.38.53:009][395]LogModuleManager: Shutting down and abandoning module AndroidRuntimeSettings (404)
[2017.05.16-16.38.53:009][395]LogModuleManager: Shutting down and abandoning module InputBindingEditor (402)
[2017.05.16-16.38.53:009][395]LogModuleManager: Shutting down and abandoning module NiagaraEditor (400)
[2017.05.16-16.38.53:009][395]LogModuleManager: Shutting down and abandoning module MergeActors (398)
[2017.05.16-16.38.53:009][395]LogModuleManager: Shutting down and abandoning module SizeMap (396)
[2017.05.16-16.38.53:009][395]LogModuleManager: Shutting down and abandoning module TreeMap (394)
[2017.05.16-16.38.53:009][395]LogModuleManager: Shutting down and abandoning module ReferenceViewer (392)
[2017.05.16-16.38.53:009][395]LogModuleManager: Shutting down and abandoning module LocalizationDashboard (390)
[2017.05.16-16.38.53:009][395]LogModuleManager: Shutting down and abandoning module LocalizationService (389)
[2017.05.16-16.38.53:009][395]LogModuleManager: Shutting down and abandoning module HardwareTargeting (386)
[2017.05.16-16.38.53:009][395]LogModuleManager: Shutting down and abandoning module DeviceProfileEditor (384)
[2017.05.16-16.38.53:009][395]LogModuleManager: Shutting down and abandoning module UndoHistory (382)
[2017.05.16-16.38.53:009][395]LogModuleManager: Shutting down and abandoning module UserFeedback (380)
[2017.05.16-16.38.53:009][395]LogModuleManager: Shutting down and abandoning module XmlParser (378)
[2017.05.16-16.38.53:009][395]LogModuleManager: Shutting down and abandoning module Blutility (376)
[2017.05.16-16.38.53:009][395]LogModuleManager: Shutting down and abandoning module ProjectSettingsViewer (374)
[2017.05.16-16.38.53:009][395]LogModuleManager: Shutting down and abandoning module ProjectTargetPlatformEditor (373)
[2017.05.16-16.38.53:009][395]LogModuleManager: Shutting down and abandoning module EditorSettingsViewer (370)
[2017.05.16-16.38.53:010][395]LogModuleManager: Shutting down and abandoning module SettingsEditor (368)
[2017.05.16-16.38.53:010][395]LogModuleManager: Shutting down and abandoning module ProjectLauncher (366)
[2017.05.16-16.38.53:010][395]LogModuleManager: Shutting down and abandoning module SessionFrontend (364)
[2017.05.16-16.38.53:010][395]LogModuleManager: Shutting down and abandoning module ProfilerClient (362)
[2017.05.16-16.38.53:010][395]LogModuleManager: Shutting down and abandoning module DeviceManager (360)
[2017.05.16-16.38.53:010][395]LogModuleManager: Shutting down and abandoning module TargetDeviceServices (359)
[2017.05.16-16.38.53:064][395]LogModuleManager: Shutting down and abandoning module AutomationController (356)
[2017.05.16-16.38.53:064][395]LogModuleManager: Shutting down and abandoning module AutomationWindow (354)
[2017.05.16-16.38.53:064][395]LogModuleManager: Shutting down and abandoning module Layers (352)
[2017.05.16-16.38.53:064][395]LogModuleManager: Shutting down and abandoning module ComponentVisualizers (350)
[2017.05.16-16.38.53:064][395]LogModuleManager: Shutting down and abandoning module DetailCustomizations (348)
[2017.05.16-16.38.53:064][395]LogModuleManager: Shutting down and abandoning module PackagesDialog (346)
[2017.05.16-16.38.53:064][395]LogModuleManager: Shutting down and abandoning module Persona (344)
[2017.05.16-16.38.53:064][395]LogModuleManager: Shutting down and abandoning module AnimGraph (343)
[2017.05.16-16.38.53:064][395]LogModuleManager: Shutting down and abandoning module Kismet (340)
[2017.05.16-16.38.53:064][395]LogModuleManager: Shutting down and abandoning module GraphEditor (338)
[2017.05.16-16.38.53:064][395]LogModuleManager: Shutting down and abandoning module ClassViewer (336)
[2017.05.16-16.38.53:064][395]LogModuleManager: Shutting down and abandoning module Toolbox (334)
[2017.05.16-16.38.53:064][395]LogModuleManager: Shutting down and abandoning module ModuleUI (332)
[2017.05.16-16.38.53:064][395]LogModuleManager: Shutting down and abandoning module MovieSceneTools (330)
[2017.05.16-16.38.53:065][395]LogModuleManager: Shutting down and abandoning module OutputLog (328)
[2017.05.16-16.38.53:065][395]LogModuleManager: Shutting down and abandoning module GammaUI (326)
[2017.05.16-16.38.53:065][395]LogModuleManager: Shutting down and abandoning module Documentation (324)
[2017.05.16-16.38.53:065][395]LogModuleManager: Shutting down and abandoning module Niagara (322)
[2017.05.16-16.38.53:065][395]LogModuleManager: Shutting down and abandoning module StreamingPauseRendering (320)
[2017.05.16-16.38.53:065][395]LogModuleManager: Shutting down and abandoning module AnalyticsET (318)
[2017.05.16-16.38.53:065][395]LogModuleManager: Shutting down and abandoning module PortalServices (316)
[2017.05.16-16.38.53:065][395]LogModuleManager: Shutting down and abandoning module PortalRpc (314)
[2017.05.16-16.38.53:065][395]LogModuleManager: Shutting down and abandoning module MessagingRpc (312)
[2017.05.16-16.38.53:065][395]LogModuleManager: Shutting down and abandoning module AIModule (310)
[2017.05.16-16.38.53:065][395]LogModuleManager: Shutting down and abandoning module GameplayDebugger (309)
[2017.05.16-16.38.53:065][395]LogModuleManager: Shutting down and abandoning module AITestSuite (307)
[2017.05.16-16.38.53:065][395]LogModuleManager: Shutting down and abandoning module ProfilerService (304)
[2017.05.16-16.38.53:076][395]LogModuleManager: Shutting down and abandoning module TaskGraph (302)
[2017.05.16-16.38.53:076][395]LogModuleManager: Shutting down and abandoning module SteamVRController (300)
[2017.05.16-16.38.53:076][395]LogModuleManager: Shutting down and abandoning module SteamVR (298)
[2017.05.16-16.38.53:076][395]LogModuleManager: Shutting down and abandoning module ProceduralMeshComponentEditor (296)
[2017.05.16-16.38.53:076][395]LogModuleManager: Shutting down and abandoning module ProceduralMeshComponent (294)
[2017.05.16-16.38.53:076][395]LogModuleManager: Shutting down and abandoning module OculusLibrary (292)
[2017.05.16-16.38.53:076][395]LogModuleManager: Shutting down and abandoning module OculusInput (290)
[2017.05.16-16.38.53:076][395]LogModuleManager: Shutting down and abandoning module MobilePatchingUtils (288)
[2017.05.16-16.38.53:076][395]LogModuleManager: Shutting down and abandoning module CustomMeshComponent (286)
[2017.05.16-16.38.53:076][395]LogModuleManager: Shutting down and abandoning module CableComponent (284)
[2017.05.16-16.38.53:076][395]LogModuleManager: Shutting down and abandoning module ArchVisCharacter (282)
[2017.05.16-16.38.53:076][395]LogModuleManager: Shutting down and abandoning module MediaPlayerEditor (278)
[2017.05.16-16.38.53:076][395]LogModuleManager: Shutting down and abandoning module HTML5Networking (276)
[2017.05.16-16.38.53:076][395]LogModuleManager: Shutting down and abandoning module AlembicImporter (274)
[2017.05.16-16.38.53:076][395]LogModuleManager: Shutting down and abandoning module AlembicLibrary (273)
[2017.05.16-16.38.53:076][395]LogModuleManager: Shutting down and abandoning module GeometryCache (272)
[2017.05.16-16.38.53:076][395]LogModuleManager: Shutting down and abandoning module GeometryCacheEd (271)
[2017.05.16-16.38.53:076][395]LogModuleManager: Shutting down and abandoning module SuperSearchEditor (266)
[2017.05.16-16.38.53:076][395]LogModuleManager: Shutting down and abandoning module SuperSearch (265)
[2017.05.16-16.38.53:076][395]LogModuleManager: Shutting down and abandoning module SpeedTreeImporter (262)
[2017.05.16-16.38.53:076][395]LogModuleManager: Shutting down and abandoning module PluginBrowser (260)
[2017.05.16-16.38.53:076][395]LogModuleManager: Shutting down and abandoning module MobileLauncherProfileWizard (258)
[2017.05.16-16.38.53:076][395]LogModuleManager: Shutting down and abandoning module EpicSurvey (256)
[2017.05.16-16.38.53:077][395]LogModuleManager: Shutting down and abandoning module VisualStudioSourceCodeAccess (254)
[2017.05.16-16.38.53:077][395]LogModuleManager: Shutting down and abandoning module DesktopPlatform (253)
[2017.05.16-16.38.53:077][395]LogModuleManager: Shutting down and abandoning module UObjectPlugin (250)
[2017.05.16-16.38.53:077][395]LogModuleManager: Shutting down and abandoning module SubversionSourceControl (248)
[2017.05.16-16.38.53:077][395]LogModuleManager: Shutting down and abandoning module PerforceSourceControl (246)
[2017.05.16-16.38.53:077][395]LogModuleManager: Shutting down and abandoning module GitSourceControl (244)
[2017.05.16-16.38.53:077][395]LogModuleManager: Shutting down and abandoning module SourceControl (243)
[2017.05.16-16.38.53:077][395]LogModuleManager: Shutting down and abandoning module LightPropagationVolumeEditor (240)
[2017.05.16-16.38.53:077][395]LogModuleManager: Shutting down and abandoning module PaperTiledImporter (238)
[2017.05.16-16.38.53:077][395]LogModuleManager: Shutting down and abandoning module PaperSpriteSheetImporter (236)
[2017.05.16-16.38.53:077][395]LogModuleManager: Shutting down and abandoning module Paper2DEditor (234)
[2017.05.16-16.38.53:077][395]LogModuleManager: Shutting down and abandoning module MeshPaint (233)
[2017.05.16-16.38.53:077][395]LogModuleManager: Shutting down and abandoning module LevelEditor (231)
[2017.05.16-16.38.53:078][395]LogModuleManager: Shutting down and abandoning module PixelInspectorModule (230)
[2017.05.16-16.38.53:078][395]LogModuleManager: Shutting down and abandoning module MainFrame (228)
[2017.05.16-16.38.53:078][395]LogModuleManager: Shutting down and abandoning module HotReload (227)
[2017.05.16-16.38.53:078][395]LogModuleManager: Shutting down and abandoning module ContentBrowser (223)
[2017.05.16-16.38.53:079][395]LogModuleManager: Shutting down and abandoning module PhysXVehiclesEditor (220)
[2017.05.16-16.38.53:079][395]LogModuleManager: Shutting down and abandoning module PhysXVehicles (218)
[2017.05.16-16.38.53:079][395]LogModuleManager: Shutting down and abandoning module LocationServicesBPLibrary (216)
[2017.05.16-16.38.53:079][395]LogModuleManager: Shutting down and abandoning module UdpMessaging (214)
[2017.05.16-16.38.53:180][395]LogModuleManager: Shutting down and abandoning module TcpMessaging (212)
[2017.05.16-16.38.53:281][395]LogModuleManager: Shutting down and abandoning module GameplayTagsEditor (210)
[2017.05.16-16.38.53:281][395]LogModuleManager: Shutting down and abandoning module FacialAnimationEditor (208)
[2017.05.16-16.38.53:281][395]LogModuleManager: Shutting down and abandoning module FacialAnimation (206)
[2017.05.16-16.38.53:281][395]LogModuleManager: Shutting down and abandoning module LightPropagationVolumeRuntime (204)
[2017.05.16-16.38.53:281][395]LogModuleManager: Shutting down and abandoning module Paper2D (202)
[2017.05.16-16.38.53:281][395]LogModuleManager: Shutting down and abandoning module WindowsMoviePlayer (200)
[2017.05.16-16.38.53:281][395]LogModuleManager: Shutting down and abandoning module WmfMedia (198)
[2017.05.16-16.38.53:281][395]LogModuleManager: Shutting down and abandoning module MfMedia (196)
[2017.05.16-16.38.53:281][395]LogModuleManager: Shutting down and abandoning module MediaAssets (194)
[2017.05.16-16.38.53:281][395]LogModuleManager: Shutting down and abandoning module GameLiveStreaming (192)
[2017.05.16-16.38.53:281][395]LogModuleManager: Shutting down and abandoning module VREditor (190)
[2017.05.16-16.38.53:281][395]LogModuleManager: Shutting down and abandoning module GameplayTasksEditor (188)
[2017.05.16-16.38.53:281][395]LogModuleManager: Shutting down and abandoning module BehaviorTreeEditor (186)
[2017.05.16-16.38.53:281][395]LogModuleManager: Shutting down and abandoning module FunctionalTesting (184)
[2017.05.16-16.38.53:281][395]LogModuleManager: Shutting down and abandoning module CollisionAnalyzer (182)
[2017.05.16-16.38.53:281][395]LogModuleManager: Shutting down and abandoning module UMG (180)
[2017.05.16-16.38.53:281][395]LogModuleManager: Shutting down and abandoning module UMGEditor (179)
[2017.05.16-16.38.53:281][395]LogModuleManager: Shutting down and abandoning module Sequencer (178)
[2017.05.16-16.38.53:281][395]LogModuleManager: Shutting down and abandoning module AssetTools (176)
[2017.05.16-16.38.53:281][395]LogModuleManager: Shutting down and abandoning module MessageLog (175)
[2017.05.16-16.38.53:281][395]LogModuleManager: Shutting down and abandoning module WorkspaceMenuStructure (174)
[2017.05.16-16.38.53:281][395]LogModuleManager: Shutting down and abandoning module SlateReflector (168)
[2017.05.16-16.38.53:281][395]LogModuleManager: Shutting down and abandoning module Slate (166)
[2017.05.16-16.38.53:281][395]LogModuleManager: Shutting down and abandoning module EditorStyle (164)
[2017.05.16-16.38.53:283][395]LogModuleManager: Shutting down and abandoning module SourceCodeAccess (162)
[2017.05.16-16.38.53:283][395]LogModuleManager: Shutting down and abandoning module HeadMountedDisplay (160)
[2017.05.16-16.38.53:283][395]LogModuleManager: Shutting down and abandoning module XAudio2 (158)
[2017.05.16-16.38.53:283][395]LogModuleManager: Shutting down and abandoning module Networking (156)
[2017.05.16-16.38.53:283][395]LogModuleManager: Shutting down and abandoning module Core (152)
[2017.05.16-16.38.53:283][395]LogModuleManager: Shutting down and abandoning module AssetRegistry (150)
[2017.05.16-16.38.53:433][395]LogDirectoryWatcher: A directory notification for '../../../Engine/Content/' was aborted.
[2017.05.16-16.38.53:433][395]LogDirectoryWatcher: A directory notification for '../../../../Tank666 4.15/Content/' was aborted.
[2017.05.16-16.38.53:433][395]LogDirectoryWatcher: A directory notification for '../../../Engine/Plugins/2D/Paper2D/Content/' was aborted.
[2017.05.16-16.38.53:433][395]LogModuleManager: Shutting down and abandoning module DirectoryWatcher (149)
[2017.05.16-16.38.53:434][395]LogModuleManager: Shutting down and abandoning module KismetCompiler (146)
[2017.05.16-16.38.53:434][395]LogModuleManager: Shutting down and abandoning module PhysXFormats (144)
[2017.05.16-16.38.53:434][395]LogModuleManager: Shutting down and abandoning module MeshUtilities (142)
[2017.05.16-16.38.53:434][395]LogModuleManager: Shutting down and abandoning module SimplygonSwarm (141)
[2017.05.16-16.38.53:434][395]LogModuleManager: Shutting down and abandoning module SimplygonMeshReduction (139)
[2017.05.16-16.38.53:434][395]LogModuleManager: Shutting down and abandoning module QuadricMeshReduction (137)
[2017.05.16-16.38.53:434][395]LogModuleManager: Shutting down and abandoning module PropertyEditor (135)
[2017.05.16-16.38.53:434][395]LogModuleManager: Shutting down and abandoning module DerivedDataCache (132)
[2017.05.16-16.38.53:505][395]LogDerivedDataCache: Shutdown
[2017.05.16-16.38.53:505][395]LogModuleManager: Shutting down and abandoning module TargetPlatform (130)
[2017.05.16-16.38.53:505][395]LogModuleManager: Shutting down and abandoning module VulkanShaderFormat (129)
[2017.05.16-16.38.53:505][395]LogModuleManager: Shutting down and abandoning module ShaderFormatOpenGL (127)
[2017.05.16-16.38.53:505][395]LogModuleManager: Shutting down and abandoning module ShaderFormatD3D (125)
[2017.05.16-16.38.53:505][395]LogModuleManager: Shutting down and abandoning module MetalShaderFormat (123)
[2017.05.16-16.38.53:505][395]LogModuleManager: Shutting down and abandoning module TextureFormatUncompressed (121)
[2017.05.16-16.38.53:505][395]LogModuleManager: Shutting down and abandoning module TextureFormatPVR (119)
[2017.05.16-16.38.53:505][395]LogModuleManager: Shutting down and abandoning module TextureFormatDXT (117)
[2017.05.16-16.38.53:505][395]LogModuleManager: Shutting down and abandoning module TextureFormatIntelISPCTexComp (115)
[2017.05.16-16.38.53:505][395]LogModuleManager: Shutting down and abandoning module TextureFormatASTC (113)
[2017.05.16-16.38.53:505][395]LogModuleManager: Shutting down and abandoning module ImageWrapper (112)
[2017.05.16-16.38.53:505][395]LogModuleManager: Shutting down and abandoning module TextureFormatAndroid (109)
[2017.05.16-16.38.53:505][395]LogModuleManager: Shutting down and abandoning module AudioFormatOpus (107)
[2017.05.16-16.38.53:505][395]LogModuleManager: Shutting down and abandoning module AudioFormatOgg (105)
[2017.05.16-16.38.53:505][395]LogModuleManager: Shutting down and abandoning module AudioFormatADPCM (103)
[2017.05.16-16.38.53:505][395]LogModuleManager: Shutting down and abandoning module LinuxTargetPlatform (101)
[2017.05.16-16.38.53:505][395]LogModuleManager: Shutting down and abandoning module LinuxServerTargetPlatform (99)
[2017.05.16-16.38.53:505][395]LogModuleManager: Shutting down and abandoning module LinuxNoEditorTargetPlatform (97)
[2017.05.16-16.38.53:505][395]LogModuleManager: Shutting down and abandoning module LinuxClientTargetPlatform (95)
[2017.05.16-16.38.53:505][395]LogModuleManager: Shutting down and abandoning module TVOSTargetPlatform (93)
[2017.05.16-16.38.53:505][395]LogModuleManager: Shutting down and abandoning module Messaging (91)
[2017.05.16-16.38.53:505][395]LogModuleManager: Shutting down and abandoning module IOSTargetPlatform (89)
[2017.05.16-16.38.53:505][395]LogModuleManager: Shutting down and abandoning module HTML5TargetPlatform (87)
[2017.05.16-16.38.53:505][395]LogModuleManager: Shutting down and abandoning module Android_PVRTCTargetPlatform (85)
[2017.05.16-16.38.53:505][395]LogModuleManager: Shutting down and abandoning module Android_MultiTargetPlatform (83)
[2017.05.16-16.38.53:505][395]LogModuleManager: Shutting down and abandoning module Android_ETC2TargetPlatform (81)
[2017.05.16-16.38.53:505][395]LogModuleManager: Shutting down and abandoning module Android_ETC1TargetPlatform (79)
[2017.05.16-16.38.53:505][395]LogModuleManager: Shutting down and abandoning module Android_DXTTargetPlatform (77)
[2017.05.16-16.38.53:505][395]LogModuleManager: Shutting down and abandoning module Android_ATCTargetPlatform (75)
[2017.05.16-16.38.53:505][395]LogModuleManager: Shutting down and abandoning module Android_ASTCTargetPlatform (73)
[2017.05.16-16.38.53:505][395]LogModuleManager: Shutting down and abandoning module AndroidTargetPlatform (71)
[2017.05.16-16.38.53:505][395]LogModuleManager: Shutting down and abandoning module WindowsTargetPlatform (69)
[2017.05.16-16.38.53:505][395]LogModuleManager: Shutting down and abandoning module WindowsServerTargetPlatform (67)
[2017.05.16-16.38.53:505][395]LogModuleManager: Shutting down and abandoning module WindowsNoEditorTargetPlatform (65)
[2017.05.16-16.38.53:505][395]LogModuleManager: Shutting down and abandoning module WindowsClientTargetPlatform (63)
[2017.05.16-16.38.53:505][395]LogModuleManager: Shutting down and abandoning module MacTargetPlatform (61)
[2017.05.16-16.38.53:505][395]LogModuleManager: Shutting down and abandoning module MacServerTargetPlatform (59)
[2017.05.16-16.38.53:505][395]LogModuleManager: Shutting down and abandoning module MacNoEditorTargetPlatform (57)
[2017.05.16-16.38.53:505][395]LogModuleManager: Shutting down and abandoning module MacClientTargetPlatform (55)
[2017.05.16-16.38.53:505][395]LogModuleManager: Shutting down and abandoning module AllDesktopTargetPlatform (53)
[2017.05.16-16.38.53:505][395]LogModuleManager: Shutting down and abandoning module InputCore (50)
[2017.05.16-16.38.53:505][395]LogModuleManager: Shutting down and abandoning module Settings (48)
[2017.05.16-16.38.53:505][395]LogModuleManager: Shutting down and abandoning module OculusRift (46)
[2017.05.16-16.38.53:505][395]LogModuleManager: Shutting down and abandoning module ExampleDeviceProfileSelector (44)
[2017.05.16-16.38.53:505][395]LogModuleManager: Shutting down and abandoning module OnlineBlueprintSupport (42)
[2017.05.16-16.38.53:505][395]LogModuleManager: Shutting down and abandoning module OnlineSubsystem (38)
[2017.05.16-16.38.53:505][395]LogOnline:Display: Unloading online subsystem: NULL
[2017.05.16-16.38.53:505][395]LogModuleManager: Shutting down and abandoning module XMPP (37)
[2017.05.16-16.38.53:505][395]LogModuleManager: Shutting down and abandoning module HTTP (35)
[2017.05.16-16.38.53:505][395]LogHttp:Display: Http module shutting down, but needs to wait on 1 outstanding Http requests:
[2017.05.16-16.38.53:505][395]LogHttp:Display: 	verb=[POST] url=[https://datarouter.ol.epicgames.com/datarouter/api/v1/public/data?SessionID=%7B63030E22-42CE-03E9-53D4-ABB954BA2312%7D&AppID=UEEditor.Rocket.Release&AppVersion=4.15.0-3299760%2B%2B%2BUE4%2BRelease-4.15&UserID=d43e725c455d812f03ea6980d3f2155c%7C89f9f8a0c4ab4dc3be9d9b9fa100e4cb%7Cfa2494a1-9646-4d61-8d70-255246e6ff0d&AppEnvironment=datacollector-binary&UploadType=eteventstream] status=Processing
[2017.05.16-16.38.53:523][395]LogModuleManager: Shutting down and abandoning module SSL (34)
[2017.05.16-16.38.53:524][395]LogModuleManager: Shutting down and abandoning module AudioEditor (30)
[2017.05.16-16.38.53:524][395]LogModuleManager: Shutting down and abandoning module TextureCompressor (28)
[2017.05.16-16.38.53:524][395]LogModuleManager: Shutting down and abandoning module ShaderCore (26)
[2017.05.16-16.38.53:524][395]LogModuleManager: Shutting down and abandoning module Landscape (24)
[2017.05.16-16.38.53:524][395]LogModuleManager: Shutting down and abandoning module SlateRHIRenderer (22)
[2017.05.16-16.38.53:525][395]LogModuleManager: Shutting down and abandoning module OpenGLDrv (20)
[2017.05.16-16.38.53:525][395]LogModuleManager: Shutting down and abandoning module D3D11RHI (18)
[2017.05.16-16.38.53:525][395]LogModuleManager: Shutting down and abandoning module AnimGraphRuntime (16)
[2017.05.16-16.38.53:525][395]LogModuleManager: Shutting down and abandoning module Renderer (14)
[2017.05.16-16.38.53:525][395]LogModuleManager: Shutting down and abandoning module Engine (12)
[2017.05.16-16.38.53:525][395]LogModuleManager: Shutting down and abandoning module CoreUObject (10)
[2017.05.16-16.38.53:525][395]LogModuleManager: Shutting down and abandoning module NetworkFile (8)
[2017.05.16-16.38.53:525][395]LogModuleManager: Shutting down and abandoning module StreamingFile (6)
[2017.05.16-16.38.53:525][395]LogModuleManager: Shutting down and abandoning module SandboxFile (4)
[2017.05.16-16.38.53:525][395]LogModuleManager: Shutting down and abandoning module PakFile (2)
[2017.05.16-16.38.53:527][395]LogExit: Exiting.
[2017.05.16-16.38.53:534][395]Log file closed, 05/16/17 13:38:53
